{"/Users/nateazevedo/Desktop/springboard/node/react/paf/paf-back/app.js": {"path":"/Users/nateazevedo/Desktop/springboard/node/react/paf/paf-back/app.js","statementMap":{"0":{"start":{"line":1,"column":16},"end":{"line":1,"column":34}},"1":{"start":{"line":2,"column":12},"end":{"line":2,"column":21}},"2":{"start":{"line":3,"column":26},"end":{"line":3,"column":51}},"3":{"start":{"line":4,"column":18},"end":{"line":4,"column":42}},"4":{"start":{"line":5,"column":18},"end":{"line":5,"column":42}},"5":{"start":{"line":6,"column":19},"end":{"line":6,"column":43}},"6":{"start":{"line":7,"column":21},"end":{"line":7,"column":48}},"7":{"start":{"line":8,"column":24},"end":{"line":8,"column":54}},"8":{"start":{"line":9,"column":23},"end":{"line":9,"column":52}},"9":{"start":{"line":10,"column":13},"end":{"line":10,"column":28}},"10":{"start":{"line":11,"column":28},"end":{"line":11,"column":56}},"11":{"start":{"line":13,"column":0},"end":{"line":13,"column":16}},"12":{"start":{"line":14,"column":0},"end":{"line":14,"column":24}},"13":{"start":{"line":15,"column":0},"end":{"line":15,"column":48}},"14":{"start":{"line":17,"column":0},"end":{"line":17,"column":25}},"15":{"start":{"line":21,"column":0},"end":{"line":21,"column":28}},"16":{"start":{"line":22,"column":0},"end":{"line":22,"column":30}},"17":{"start":{"line":23,"column":0},"end":{"line":23,"column":34}},"18":{"start":{"line":24,"column":0},"end":{"line":24,"column":40}},"19":{"start":{"line":25,"column":0},"end":{"line":25,"column":38}},"20":{"start":{"line":26,"column":0},"end":{"line":26,"column":28}},"21":{"start":{"line":31,"column":0},"end":{"line":33,"column":3}},"22":{"start":{"line":32,"column":2},"end":{"line":32,"column":35}},"23":{"start":{"line":37,"column":0},"end":{"line":44,"column":3}},"24":{"start":{"line":38,"column":17},"end":{"line":38,"column":34}},"25":{"start":{"line":39,"column":18},"end":{"line":39,"column":29}},"26":{"start":{"line":41,"column":4},"end":{"line":43,"column":6}},"27":{"start":{"line":46,"column":0},"end":{"line":46,"column":21}}},"fnMap":{"0":{"name":"(anonymous_0)","decl":{"start":{"line":31,"column":8},"end":{"line":31,"column":9}},"loc":{"start":{"line":31,"column":34},"end":{"line":33,"column":1}},"line":31},"1":{"name":"(anonymous_1)","decl":{"start":{"line":37,"column":8},"end":{"line":37,"column":9}},"loc":{"start":{"line":37,"column":39},"end":{"line":44,"column":1}},"line":37}},"branchMap":{"0":{"loc":{"start":{"line":38,"column":17},"end":{"line":38,"column":34}},"type":"binary-expr","locations":[{"start":{"line":38,"column":17},"end":{"line":38,"column":27}},{"start":{"line":38,"column":31},"end":{"line":38,"column":34}}],"line":38}},"s":{"0":6,"1":6,"2":6,"3":6,"4":6,"5":6,"6":6,"7":6,"8":6,"9":6,"10":6,"11":6,"12":6,"13":6,"14":6,"15":6,"16":6,"17":6,"18":6,"19":6,"20":6,"21":6,"22":2,"23":6,"24":44,"25":44,"26":44,"27":6},"f":{"0":2,"1":44},"b":{"0":[44,0]},"_coverageSchema":"1a1c01bbd47fc00a2c39e90264f33305004495a9","hash":"c283462b6194e16545e3c64b88b5fc891c385401"}
,"/Users/nateazevedo/Desktop/springboard/node/react/paf/paf-back/config.js": {"path":"/Users/nateazevedo/Desktop/springboard/node/react/paf/paf-back/config.js","statementMap":{"0":{"start":{"line":2,"column":19},"end":{"line":2,"column":35}},"1":{"start":{"line":4,"column":0},"end":{"line":4,"column":27}},"2":{"start":{"line":5,"column":13},"end":{"line":5,"column":38}},"3":{"start":{"line":8,"column":4},"end":{"line":10,"column":56}},"4":{"start":{"line":13,"column":27},"end":{"line":13,"column":29}},"5":{"start":{"line":15,"column":0},"end":{"line":20,"column":1}}},"fnMap":{"0":{"name":"getDatabaseUri","decl":{"start":{"line":7,"column":11},"end":{"line":7,"column":25}},"loc":{"start":{"line":7,"column":28},"end":{"line":11,"column":3}},"line":7}},"branchMap":{"0":{"loc":{"start":{"line":5,"column":13},"end":{"line":5,"column":38}},"type":"binary-expr","locations":[{"start":{"line":5,"column":13},"end":{"line":5,"column":30}},{"start":{"line":5,"column":34},"end":{"line":5,"column":38}}],"line":5},"1":{"loc":{"start":{"line":8,"column":11},"end":{"line":10,"column":55}},"type":"cond-expr","locations":[{"start":{"line":9,"column":8},"end":{"line":9,"column":32}},{"start":{"line":10,"column":8},"end":{"line":10,"column":55}}],"line":8},"2":{"loc":{"start":{"line":10,"column":8},"end":{"line":10,"column":55}},"type":"binary-expr","locations":[{"start":{"line":10,"column":8},"end":{"line":10,"column":32}},{"start":{"line":10,"column":36},"end":{"line":10,"column":55}}],"line":10}},"s":{"0":13,"1":13,"2":13,"3":13,"4":13,"5":13},"f":{"0":13},"b":{"0":[13,12],"1":[11,2],"2":[2,1]},"_coverageSchema":"1a1c01bbd47fc00a2c39e90264f33305004495a9","hash":"98aa1f7af65bc3fd8e7e9edad5abf4c4e6c4e76d"}
,"/Users/nateazevedo/Desktop/springboard/node/react/paf/paf-back/db.js": {"path":"/Users/nateazevedo/Desktop/springboard/node/react/paf/paf-back/db.js","statementMap":{"0":{"start":{"line":1,"column":19},"end":{"line":1,"column":32}},"1":{"start":{"line":4,"column":27},"end":{"line":4,"column":46}},"2":{"start":{"line":6,"column":13},"end":{"line":6,"column":29}},"3":{"start":{"line":10,"column":17},"end":{"line":15,"column":4}},"4":{"start":{"line":17,"column":0},"end":{"line":17,"column":17}},"5":{"start":{"line":19,"column":0},"end":{"line":19,"column":24}}},"fnMap":{},"branchMap":{},"s":{"0":10,"1":10,"2":10,"3":10,"4":10,"5":10},"f":{},"b":{},"_coverageSchema":"1a1c01bbd47fc00a2c39e90264f33305004495a9","hash":"635bf6ee5c5c143aca667e8d5723c00626c8d062"}
,"/Users/nateazevedo/Desktop/springboard/node/react/paf/paf-back/expressError.js": {"path":"/Users/nateazevedo/Desktop/springboard/node/react/paf/paf-back/expressError.js","statementMap":{"0":{"start":{"line":4,"column":8},"end":{"line":4,"column":16}},"1":{"start":{"line":5,"column":8},"end":{"line":5,"column":31}},"2":{"start":{"line":6,"column":8},"end":{"line":6,"column":29}},"3":{"start":{"line":15,"column":4},"end":{"line":15,"column":24}},"4":{"start":{"line":23,"column":4},"end":{"line":23,"column":24}},"5":{"start":{"line":31,"column":4},"end":{"line":31,"column":24}},"6":{"start":{"line":39,"column":4},"end":{"line":39,"column":24}},"7":{"start":{"line":43,"column":0},"end":{"line":49,"column":2}}},"fnMap":{"0":{"name":"(anonymous_0)","decl":{"start":{"line":3,"column":4},"end":{"line":3,"column":5}},"loc":{"start":{"line":3,"column":33},"end":{"line":8,"column":5}},"line":3},"1":{"name":"(anonymous_1)","decl":{"start":{"line":14,"column":2},"end":{"line":14,"column":3}},"loc":{"start":{"line":14,"column":37},"end":{"line":16,"column":3}},"line":14},"2":{"name":"(anonymous_2)","decl":{"start":{"line":22,"column":2},"end":{"line":22,"column":3}},"loc":{"start":{"line":22,"column":40},"end":{"line":24,"column":3}},"line":22},"3":{"name":"(anonymous_3)","decl":{"start":{"line":30,"column":2},"end":{"line":30,"column":3}},"loc":{"start":{"line":30,"column":39},"end":{"line":32,"column":3}},"line":30},"4":{"name":"(anonymous_4)","decl":{"start":{"line":38,"column":2},"end":{"line":38,"column":3}},"loc":{"start":{"line":38,"column":37},"end":{"line":40,"column":3}},"line":38}},"branchMap":{"0":{"loc":{"start":{"line":14,"column":14},"end":{"line":14,"column":35}},"type":"default-arg","locations":[{"start":{"line":14,"column":24},"end":{"line":14,"column":35}}],"line":14},"1":{"loc":{"start":{"line":22,"column":14},"end":{"line":22,"column":38}},"type":"default-arg","locations":[{"start":{"line":22,"column":24},"end":{"line":22,"column":38}}],"line":22},"2":{"loc":{"start":{"line":30,"column":14},"end":{"line":30,"column":37}},"type":"default-arg","locations":[{"start":{"line":30,"column":24},"end":{"line":30,"column":37}}],"line":30},"3":{"loc":{"start":{"line":38,"column":14},"end":{"line":38,"column":35}},"type":"default-arg","locations":[{"start":{"line":38,"column":24},"end":{"line":38,"column":35}}],"line":38}},"s":{"0":59,"1":59,"2":59,"3":14,"4":34,"5":11,"6":0,"7":12},"f":{"0":59,"1":14,"2":34,"3":11,"4":0},"b":{"0":[2],"1":[27],"2":[9],"3":[0]},"_coverageSchema":"1a1c01bbd47fc00a2c39e90264f33305004495a9","hash":"b98372e679c5a64a490687e339a2d54281dbcf50"}
,"/Users/nateazevedo/Desktop/springboard/node/react/paf/paf-back/helpers/sql.js": {"path":"/Users/nateazevedo/Desktop/springboard/node/react/paf/paf-back/helpers/sql.js","statementMap":{"0":{"start":{"line":1,"column":28},"end":{"line":1,"column":54}},"1":{"start":{"line":21,"column":15},"end":{"line":21,"column":40}},"2":{"start":{"line":22,"column":2},"end":{"line":22,"column":62}},"3":{"start":{"line":22,"column":25},"end":{"line":22,"column":62}},"4":{"start":{"line":25,"column":15},"end":{"line":27,"column":3}},"5":{"start":{"line":26,"column":6},"end":{"line":26,"column":52}},"6":{"start":{"line":29,"column":2},"end":{"line":32,"column":4}},"7":{"start":{"line":35,"column":0},"end":{"line":35,"column":41}}},"fnMap":{"0":{"name":"sqlForPartialUpdate","decl":{"start":{"line":20,"column":9},"end":{"line":20,"column":28}},"loc":{"start":{"line":20,"column":52},"end":{"line":33,"column":1}},"line":20},"1":{"name":"(anonymous_1)","decl":{"start":{"line":25,"column":24},"end":{"line":25,"column":25}},"loc":{"start":{"line":26,"column":6},"end":{"line":26,"column":52}},"line":26}},"branchMap":{"0":{"loc":{"start":{"line":22,"column":2},"end":{"line":22,"column":62}},"type":"if","locations":[{"start":{"line":22,"column":2},"end":{"line":22,"column":62}},{"start":{"line":22,"column":2},"end":{"line":22,"column":62}}],"line":22},"1":{"loc":{"start":{"line":26,"column":10},"end":{"line":26,"column":37}},"type":"binary-expr","locations":[{"start":{"line":26,"column":10},"end":{"line":26,"column":26}},{"start":{"line":26,"column":30},"end":{"line":26,"column":37}}],"line":26}},"s":{"0":11,"1":22,"2":22,"3":1,"4":21,"5":26,"6":21,"7":11},"f":{"0":22,"1":26},"b":{"0":[1,21],"1":[26,9]},"_coverageSchema":"1a1c01bbd47fc00a2c39e90264f33305004495a9","hash":"b3a07cb9a1a1f020c3b533a51afb78b7ce2e4419"}
,"/Users/nateazevedo/Desktop/springboard/node/react/paf/paf-back/helpers/textParser.js": {"path":"/Users/nateazevedo/Desktop/springboard/node/react/paf/paf-back/helpers/textParser.js","statementMap":{"0":{"start":{"line":2,"column":21},"end":{"line":26,"column":13}},"1":{"start":{"line":28,"column":17},"end":{"line":53,"column":11}},"2":{"start":{"line":55,"column":14},"end":{"line":80,"column":7}},"3":{"start":{"line":83,"column":14},"end":{"line":83,"column":79}},"4":{"start":{"line":84,"column":18},"end":{"line":84,"column":32}},"5":{"start":{"line":85,"column":16},"end":{"line":89,"column":6}},"6":{"start":{"line":86,"column":8},"end":{"line":88,"column":9}},"7":{"start":{"line":87,"column":12},"end":{"line":87,"column":20}},"8":{"start":{"line":91,"column":14},"end":{"line":91,"column":28}},"9":{"start":{"line":92,"column":4},"end":{"line":96,"column":5}},"10":{"start":{"line":93,"column":8},"end":{"line":95,"column":9}},"11":{"start":{"line":94,"column":12},"end":{"line":94,"column":29}},"12":{"start":{"line":97,"column":4},"end":{"line":101,"column":5}},"13":{"start":{"line":98,"column":8},"end":{"line":100,"column":9}},"14":{"start":{"line":99,"column":12},"end":{"line":99,"column":29}},"15":{"start":{"line":102,"column":4},"end":{"line":106,"column":5}},"16":{"start":{"line":103,"column":8},"end":{"line":105,"column":9}},"17":{"start":{"line":104,"column":12},"end":{"line":104,"column":29}},"18":{"start":{"line":107,"column":4},"end":{"line":107,"column":28}},"19":{"start":{"line":110,"column":0},"end":{"line":110,"column":29}}},"fnMap":{"0":{"name":"textParser","decl":{"start":{"line":82,"column":9},"end":{"line":82,"column":19}},"loc":{"start":{"line":82,"column":26},"end":{"line":108,"column":1}},"line":82},"1":{"name":"(anonymous_1)","decl":{"start":{"line":85,"column":31},"end":{"line":85,"column":32}},"loc":{"start":{"line":85,"column":38},"end":{"line":89,"column":5}},"line":85}},"branchMap":{"0":{"loc":{"start":{"line":86,"column":8},"end":{"line":88,"column":9}},"type":"if","locations":[{"start":{"line":86,"column":8},"end":{"line":88,"column":9}},{"start":{"line":86,"column":8},"end":{"line":88,"column":9}}],"line":86},"1":{"loc":{"start":{"line":86,"column":12},"end":{"line":86,"column":38}},"type":"binary-expr","locations":[{"start":{"line":86,"column":12},"end":{"line":86,"column":24}},{"start":{"line":86,"column":28},"end":{"line":86,"column":38}}],"line":86},"2":{"loc":{"start":{"line":93,"column":8},"end":{"line":95,"column":9}},"type":"if","locations":[{"start":{"line":93,"column":8},"end":{"line":95,"column":9}},{"start":{"line":93,"column":8},"end":{"line":95,"column":9}}],"line":93},"3":{"loc":{"start":{"line":98,"column":8},"end":{"line":100,"column":9}},"type":"if","locations":[{"start":{"line":98,"column":8},"end":{"line":100,"column":9}},{"start":{"line":98,"column":8},"end":{"line":100,"column":9}}],"line":98},"4":{"loc":{"start":{"line":103,"column":8},"end":{"line":105,"column":9}},"type":"if","locations":[{"start":{"line":103,"column":8},"end":{"line":105,"column":9}},{"start":{"line":103,"column":8},"end":{"line":105,"column":9}}],"line":103}},"s":{"0":9,"1":9,"2":9,"3":0,"4":0,"5":0,"6":0,"7":0,"8":0,"9":0,"10":0,"11":0,"12":0,"13":0,"14":0,"15":0,"16":0,"17":0,"18":0,"19":9},"f":{"0":0,"1":0},"b":{"0":[0,0],"1":[0,0],"2":[0,0],"3":[0,0],"4":[0,0]},"_coverageSchema":"1a1c01bbd47fc00a2c39e90264f33305004495a9","hash":"45ae15145a619689364edf2ea3507f5fb2422c48"}
,"/Users/nateazevedo/Desktop/springboard/node/react/paf/paf-back/helpers/tokens.js": {"path":"/Users/nateazevedo/Desktop/springboard/node/react/paf/paf-back/helpers/tokens.js","statementMap":{"0":{"start":{"line":3,"column":12},"end":{"line":3,"column":35}},"1":{"start":{"line":4,"column":23},"end":{"line":4,"column":43}},"2":{"start":{"line":8,"column":18},"end":{"line":11,"column":5}},"3":{"start":{"line":13,"column":4},"end":{"line":13,"column":41}},"4":{"start":{"line":17,"column":0},"end":{"line":17,"column":33}}},"fnMap":{"0":{"name":"createToken","decl":{"start":{"line":7,"column":9},"end":{"line":7,"column":20}},"loc":{"start":{"line":7,"column":27},"end":{"line":14,"column":1}},"line":7}},"branchMap":{"0":{"loc":{"start":{"line":10,"column":17},"end":{"line":10,"column":38}},"type":"binary-expr","locations":[{"start":{"line":10,"column":17},"end":{"line":10,"column":29}},{"start":{"line":10,"column":33},"end":{"line":10,"column":38}}],"line":10}},"s":{"0":7,"1":7,"2":19,"3":19,"4":7},"f":{"0":19},"b":{"0":[19,13]},"_coverageSchema":"1a1c01bbd47fc00a2c39e90264f33305004495a9","hash":"409523b5b5e573417532d8adad2af048c9bb948d"}
,"/Users/nateazevedo/Desktop/springboard/node/react/paf/paf-back/middleware/auth.js": {"path":"/Users/nateazevedo/Desktop/springboard/node/react/paf/paf-back/middleware/auth.js","statementMap":{"0":{"start":{"line":3,"column":12},"end":{"line":3,"column":35}},"1":{"start":{"line":4,"column":23},"end":{"line":4,"column":43}},"2":{"start":{"line":5,"column":30},"end":{"line":5,"column":56}},"3":{"start":{"line":8,"column":2},"end":{"line":17,"column":3}},"4":{"start":{"line":9,"column":23},"end":{"line":9,"column":63}},"5":{"start":{"line":10,"column":4},"end":{"line":13,"column":5}},"6":{"start":{"line":11,"column":20},"end":{"line":11,"column":64}},"7":{"start":{"line":12,"column":6},"end":{"line":12,"column":54}},"8":{"start":{"line":14,"column":4},"end":{"line":14,"column":18}},"9":{"start":{"line":16,"column":4},"end":{"line":16,"column":18}},"10":{"start":{"line":21,"column":2},"end":{"line":26,"column":3}},"11":{"start":{"line":22,"column":4},"end":{"line":22,"column":56}},"12":{"start":{"line":22,"column":26},"end":{"line":22,"column":56}},"13":{"start":{"line":23,"column":4},"end":{"line":23,"column":18}},"14":{"start":{"line":25,"column":4},"end":{"line":25,"column":21}},"15":{"start":{"line":30,"column":2},"end":{"line":37,"column":3}},"16":{"start":{"line":31,"column":4},"end":{"line":33,"column":5}},"17":{"start":{"line":32,"column":6},"end":{"line":32,"column":36}},"18":{"start":{"line":34,"column":4},"end":{"line":34,"column":18}},"19":{"start":{"line":36,"column":4},"end":{"line":36,"column":21}},"20":{"start":{"line":41,"column":2},"end":{"line":48,"column":3}},"21":{"start":{"line":42,"column":17},"end":{"line":42,"column":32}},"22":{"start":{"line":43,"column":4},"end":{"line":45,"column":5}},"23":{"start":{"line":44,"column":6},"end":{"line":44,"column":36}},"24":{"start":{"line":47,"column":4},"end":{"line":47,"column":21}},"25":{"start":{"line":52,"column":2},"end":{"line":60,"column":3}},"26":{"start":{"line":53,"column":17},"end":{"line":53,"column":32}},"27":{"start":{"line":54,"column":4},"end":{"line":56,"column":5}},"28":{"start":{"line":55,"column":6},"end":{"line":55,"column":36}},"29":{"start":{"line":57,"column":4},"end":{"line":57,"column":18}},"30":{"start":{"line":59,"column":4},"end":{"line":59,"column":21}},"31":{"start":{"line":63,"column":0},"end":{"line":69,"column":2}}},"fnMap":{"0":{"name":"authenticateJWT","decl":{"start":{"line":7,"column":9},"end":{"line":7,"column":24}},"loc":{"start":{"line":7,"column":41},"end":{"line":18,"column":1}},"line":7},"1":{"name":"ensureLoggedIn","decl":{"start":{"line":20,"column":9},"end":{"line":20,"column":23}},"loc":{"start":{"line":20,"column":40},"end":{"line":27,"column":1}},"line":20},"2":{"name":"ensureAdmin","decl":{"start":{"line":29,"column":9},"end":{"line":29,"column":20}},"loc":{"start":{"line":29,"column":37},"end":{"line":38,"column":1}},"line":29},"3":{"name":"ensureCorrectUser","decl":{"start":{"line":40,"column":9},"end":{"line":40,"column":26}},"loc":{"start":{"line":40,"column":43},"end":{"line":49,"column":1}},"line":40},"4":{"name":"ensureCorrectUserOrAdmin","decl":{"start":{"line":51,"column":9},"end":{"line":51,"column":33}},"loc":{"start":{"line":51,"column":50},"end":{"line":61,"column":1}},"line":51}},"branchMap":{"0":{"loc":{"start":{"line":9,"column":23},"end":{"line":9,"column":63}},"type":"binary-expr","locations":[{"start":{"line":9,"column":23},"end":{"line":9,"column":34}},{"start":{"line":9,"column":38},"end":{"line":9,"column":63}}],"line":9},"1":{"loc":{"start":{"line":10,"column":4},"end":{"line":13,"column":5}},"type":"if","locations":[{"start":{"line":10,"column":4},"end":{"line":13,"column":5}},{"start":{"line":10,"column":4},"end":{"line":13,"column":5}}],"line":10},"2":{"loc":{"start":{"line":22,"column":4},"end":{"line":22,"column":56}},"type":"if","locations":[{"start":{"line":22,"column":4},"end":{"line":22,"column":56}},{"start":{"line":22,"column":4},"end":{"line":22,"column":56}}],"line":22},"3":{"loc":{"start":{"line":31,"column":4},"end":{"line":33,"column":5}},"type":"if","locations":[{"start":{"line":31,"column":4},"end":{"line":33,"column":5}},{"start":{"line":31,"column":4},"end":{"line":33,"column":5}}],"line":31},"4":{"loc":{"start":{"line":31,"column":8},"end":{"line":31,"column":52}},"type":"binary-expr","locations":[{"start":{"line":31,"column":8},"end":{"line":31,"column":24}},{"start":{"line":31,"column":28},"end":{"line":31,"column":52}}],"line":31},"5":{"loc":{"start":{"line":43,"column":4},"end":{"line":45,"column":5}},"type":"if","locations":[{"start":{"line":43,"column":4},"end":{"line":45,"column":5}},{"start":{"line":43,"column":4},"end":{"line":45,"column":5}}],"line":43},"6":{"loc":{"start":{"line":43,"column":10},"end":{"line":43,"column":73}},"type":"binary-expr","locations":[{"start":{"line":43,"column":10},"end":{"line":43,"column":14}},{"start":{"line":43,"column":19},"end":{"line":43,"column":31}},{"start":{"line":43,"column":35},"end":{"line":43,"column":72}}],"line":43},"7":{"loc":{"start":{"line":54,"column":4},"end":{"line":56,"column":5}},"type":"if","locations":[{"start":{"line":54,"column":4},"end":{"line":56,"column":5}},{"start":{"line":54,"column":4},"end":{"line":56,"column":5}}],"line":54},"8":{"loc":{"start":{"line":54,"column":10},"end":{"line":54,"column":73}},"type":"binary-expr","locations":[{"start":{"line":54,"column":10},"end":{"line":54,"column":14}},{"start":{"line":54,"column":19},"end":{"line":54,"column":31}},{"start":{"line":54,"column":35},"end":{"line":54,"column":72}}],"line":54}},"s":{"0":7,"1":7,"2":7,"3":171,"4":171,"5":171,"6":146,"7":146,"8":170,"9":1,"10":2,"11":2,"12":1,"13":1,"14":1,"15":3,"16":3,"17":2,"18":1,"19":2,"20":0,"21":0,"22":0,"23":0,"24":0,"25":162,"26":162,"27":162,"28":24,"29":138,"30":24,"31":7},"f":{"0":171,"1":2,"2":3,"3":0,"4":162},"b":{"0":[171,170],"1":[146,25],"2":[1,1],"3":[2,1],"4":[3,2],"5":[0,0],"6":[0,0,0],"7":[24,138],"8":[162,147,131]},"_coverageSchema":"1a1c01bbd47fc00a2c39e90264f33305004495a9","hash":"8cd342cb7fd026a06b14d6b746913ebde6848e34"}
,"/Users/nateazevedo/Desktop/springboard/node/react/paf/paf-back/models/_testCommon.js": {"path":"/Users/nateazevedo/Desktop/springboard/node/react/paf/paf-back/models/_testCommon.js","statementMap":{"0":{"start":{"line":1,"column":15},"end":{"line":1,"column":32}},"1":{"start":{"line":3,"column":11},"end":{"line":3,"column":30}},"2":{"start":{"line":4,"column":31},"end":{"line":4,"column":51}},"3":{"start":{"line":9,"column":2},"end":{"line":9,"column":38}},"4":{"start":{"line":11,"column":2},"end":{"line":11,"column":43}},"5":{"start":{"line":13,"column":2},"end":{"line":13,"column":42}},"6":{"start":{"line":15,"column":2},"end":{"line":29,"column":4}},"7":{"start":{"line":34,"column":2},"end":{"line":34,"column":26}},"8":{"start":{"line":38,"column":2},"end":{"line":38,"column":29}},"9":{"start":{"line":42,"column":2},"end":{"line":42,"column":17}},"10":{"start":{"line":46,"column":0},"end":{"line":51,"column":2}}},"fnMap":{"0":{"name":"commonBeforeAll","decl":{"start":{"line":7,"column":15},"end":{"line":7,"column":30}},"loc":{"start":{"line":7,"column":33},"end":{"line":31,"column":1}},"line":7},"1":{"name":"commonBeforeEach","decl":{"start":{"line":33,"column":15},"end":{"line":33,"column":31}},"loc":{"start":{"line":33,"column":34},"end":{"line":35,"column":1}},"line":33},"2":{"name":"commonAfterEach","decl":{"start":{"line":37,"column":15},"end":{"line":37,"column":30}},"loc":{"start":{"line":37,"column":33},"end":{"line":39,"column":1}},"line":37},"3":{"name":"commonAfterAll","decl":{"start":{"line":41,"column":15},"end":{"line":41,"column":29}},"loc":{"start":{"line":41,"column":32},"end":{"line":43,"column":1}},"line":41}},"branchMap":{},"s":{"0":4,"1":4,"2":4,"3":4,"4":4,"5":4,"6":4,"7":34,"8":34,"9":4,"10":4},"f":{"0":4,"1":34,"2":34,"3":4},"b":{},"_coverageSchema":"1a1c01bbd47fc00a2c39e90264f33305004495a9","hash":"94489e793ab90026c7701cc8927a9e5794b54feb"}
,"/Users/nateazevedo/Desktop/springboard/node/react/paf/paf-back/models/chat.js": {"path":"/Users/nateazevedo/Desktop/springboard/node/react/paf/paf-back/models/chat.js","statementMap":{"0":{"start":{"line":3,"column":11},"end":{"line":3,"column":27}},"1":{"start":{"line":4,"column":23},"end":{"line":4,"column":55}},"2":{"start":{"line":9,"column":4},"end":{"line":9,"column":30}},"3":{"start":{"line":13,"column":17},"end":{"line":13,"column":38}},"4":{"start":{"line":14,"column":4},"end":{"line":16,"column":5}},"5":{"start":{"line":15,"column":6},"end":{"line":15,"column":63}},"6":{"start":{"line":18,"column":17},"end":{"line":18,"column":66}},"7":{"start":{"line":19,"column":4},"end":{"line":19,"column":21}},"8":{"start":{"line":20,"column":16},"end":{"line":23,"column":5}},"9":{"start":{"line":24,"column":4},"end":{"line":24,"column":25}},"10":{"start":{"line":25,"column":4},"end":{"line":27,"column":5}},"11":{"start":{"line":26,"column":6},"end":{"line":26,"column":35}},"12":{"start":{"line":29,"column":22},"end":{"line":29,"column":78}},"13":{"start":{"line":31,"column":15},"end":{"line":34,"column":5}},"14":{"start":{"line":36,"column":4},"end":{"line":43,"column":5}},"15":{"start":{"line":37,"column":6},"end":{"line":37,"column":77}},"16":{"start":{"line":39,"column":6},"end":{"line":42,"column":8}},"17":{"start":{"line":46,"column":6},"end":{"line":46,"column":70}},"18":{"start":{"line":48,"column":4},"end":{"line":48,"column":20}},"19":{"start":{"line":52,"column":0},"end":{"line":52,"column":22}}},"fnMap":{"0":{"name":"(anonymous_0)","decl":{"start":{"line":12,"column":2},"end":{"line":12,"column":3}},"loc":{"start":{"line":12,"column":63},"end":{"line":49,"column":3}},"line":12}},"branchMap":{"0":{"loc":{"start":{"line":14,"column":4},"end":{"line":16,"column":5}},"type":"if","locations":[{"start":{"line":14,"column":4},"end":{"line":16,"column":5}},{"start":{"line":14,"column":4},"end":{"line":16,"column":5}}],"line":14},"1":{"loc":{"start":{"line":25,"column":4},"end":{"line":27,"column":5}},"type":"if","locations":[{"start":{"line":25,"column":4},"end":{"line":27,"column":5}},{"start":{"line":25,"column":4},"end":{"line":27,"column":5}}],"line":25}},"s":{"0":6,"1":6,"2":6,"3":0,"4":0,"5":0,"6":0,"7":0,"8":0,"9":0,"10":0,"11":0,"12":0,"13":0,"14":0,"15":0,"16":0,"17":0,"18":0,"19":6},"f":{"0":0},"b":{"0":[0,0],"1":[0,0]},"_coverageSchema":"1a1c01bbd47fc00a2c39e90264f33305004495a9","hash":"c7163fe67a7d2c1a1e0856155770cd5d66c4db98"}
,"/Users/nateazevedo/Desktop/springboard/node/react/paf/paf-back/models/friends.js": {"path":"/Users/nateazevedo/Desktop/springboard/node/react/paf/paf-back/models/friends.js","statementMap":{"0":{"start":{"line":3,"column":11},"end":{"line":3,"column":27}},"1":{"start":{"line":4,"column":23},"end":{"line":4,"column":55}},"2":{"start":{"line":9,"column":4},"end":{"line":9,"column":30}},"3":{"start":{"line":10,"column":32},"end":{"line":10,"column":57}},"4":{"start":{"line":15,"column":16},"end":{"line":18,"column":5}},"5":{"start":{"line":19,"column":4},"end":{"line":19,"column":23}},"6":{"start":{"line":24,"column":16},"end":{"line":27,"column":5}},"7":{"start":{"line":28,"column":4},"end":{"line":28,"column":20}},"8":{"start":{"line":33,"column":17},"end":{"line":36,"column":5}},"9":{"start":{"line":38,"column":4},"end":{"line":38,"column":69}},"10":{"start":{"line":38,"column":25},"end":{"line":38,"column":69}},"11":{"start":{"line":40,"column":4},"end":{"line":40,"column":28}},"12":{"start":{"line":41,"column":23},"end":{"line":44,"column":5}},"13":{"start":{"line":45,"column":4},"end":{"line":45,"column":40}},"14":{"start":{"line":46,"column":4},"end":{"line":46,"column":18}},"15":{"start":{"line":50,"column":16},"end":{"line":50,"column":79}},"16":{"start":{"line":51,"column":4},"end":{"line":51,"column":34}},"17":{"start":{"line":56,"column":32},"end":{"line":58,"column":6}},"18":{"start":{"line":59,"column":27},"end":{"line":59,"column":52}},"19":{"start":{"line":60,"column":25},"end":{"line":60,"column":50}},"20":{"start":{"line":62,"column":21},"end":{"line":67,"column":44}},"21":{"start":{"line":69,"column":19},"end":{"line":69,"column":70}},"22":{"start":{"line":70,"column":19},"end":{"line":70,"column":33}},"23":{"start":{"line":72,"column":4},"end":{"line":72,"column":67}},"24":{"start":{"line":72,"column":17},"end":{"line":72,"column":67}},"25":{"start":{"line":74,"column":4},"end":{"line":74,"column":18}},"26":{"start":{"line":79,"column":16},"end":{"line":84,"column":5}},"27":{"start":{"line":85,"column":19},"end":{"line":85,"column":30}},"28":{"start":{"line":86,"column":4},"end":{"line":86,"column":61}},"29":{"start":{"line":86,"column":17},"end":{"line":86,"column":61}},"30":{"start":{"line":87,"column":4},"end":{"line":87,"column":34}},"31":{"start":{"line":91,"column":0},"end":{"line":91,"column":24}}},"fnMap":{"0":{"name":"(anonymous_0)","decl":{"start":{"line":14,"column":2},"end":{"line":14,"column":3}},"loc":{"start":{"line":14,"column":55},"end":{"line":20,"column":3}},"line":14},"1":{"name":"(anonymous_1)","decl":{"start":{"line":23,"column":2},"end":{"line":23,"column":3}},"loc":{"start":{"line":23,"column":36},"end":{"line":29,"column":3}},"line":23},"2":{"name":"(anonymous_2)","decl":{"start":{"line":32,"column":2},"end":{"line":32,"column":3}},"loc":{"start":{"line":32,"column":45},"end":{"line":47,"column":3}},"line":32},"3":{"name":"(anonymous_3)","decl":{"start":{"line":49,"column":2},"end":{"line":49,"column":3}},"loc":{"start":{"line":49,"column":42},"end":{"line":52,"column":3}},"line":49},"4":{"name":"(anonymous_4)","decl":{"start":{"line":55,"column":2},"end":{"line":55,"column":3}},"loc":{"start":{"line":55,"column":42},"end":{"line":75,"column":3}},"line":55},"5":{"name":"(anonymous_5)","decl":{"start":{"line":78,"column":2},"end":{"line":78,"column":3}},"loc":{"start":{"line":78,"column":36},"end":{"line":88,"column":3}},"line":78}},"branchMap":{"0":{"loc":{"start":{"line":38,"column":4},"end":{"line":38,"column":69}},"type":"if","locations":[{"start":{"line":38,"column":4},"end":{"line":38,"column":69}},{"start":{"line":38,"column":4},"end":{"line":38,"column":69}}],"line":38},"1":{"loc":{"start":{"line":72,"column":4},"end":{"line":72,"column":67}},"type":"if","locations":[{"start":{"line":72,"column":4},"end":{"line":72,"column":67}},{"start":{"line":72,"column":4},"end":{"line":72,"column":67}}],"line":72},"2":{"loc":{"start":{"line":86,"column":4},"end":{"line":86,"column":61}},"type":"if","locations":[{"start":{"line":86,"column":4},"end":{"line":86,"column":61}},{"start":{"line":86,"column":4},"end":{"line":86,"column":61}}],"line":86}},"s":{"0":9,"1":9,"2":9,"3":9,"4":62,"5":61,"6":0,"7":0,"8":1,"9":1,"10":0,"11":1,"12":1,"13":1,"14":1,"15":0,"16":0,"17":4,"18":4,"19":4,"20":4,"21":4,"22":4,"23":4,"24":1,"25":3,"26":6,"27":4,"28":4,"29":1,"30":3,"31":9},"f":{"0":62,"1":0,"2":1,"3":0,"4":4,"5":6},"b":{"0":[0,1],"1":[1,3],"2":[1,3]},"_coverageSchema":"1a1c01bbd47fc00a2c39e90264f33305004495a9","hash":"89be84340dc04e36e7b619b722452f875d6316c7"}
,"/Users/nateazevedo/Desktop/springboard/node/react/paf/paf-back/models/responses.js": {"path":"/Users/nateazevedo/Desktop/springboard/node/react/paf/paf-back/models/responses.js","statementMap":{"0":{"start":{"line":3,"column":11},"end":{"line":3,"column":27}},"1":{"start":{"line":4,"column":23},"end":{"line":4,"column":55}},"2":{"start":{"line":9,"column":4},"end":{"line":9,"column":30}},"3":{"start":{"line":10,"column":32},"end":{"line":10,"column":57}},"4":{"start":{"line":15,"column":16},"end":{"line":18,"column":5}},"5":{"start":{"line":19,"column":4},"end":{"line":19,"column":23}},"6":{"start":{"line":24,"column":16},"end":{"line":29,"column":5}},"7":{"start":{"line":31,"column":4},"end":{"line":31,"column":67}},"8":{"start":{"line":31,"column":22},"end":{"line":31,"column":67}},"9":{"start":{"line":32,"column":4},"end":{"line":32,"column":34}},"10":{"start":{"line":37,"column":32},"end":{"line":39,"column":6}},"11":{"start":{"line":40,"column":27},"end":{"line":40,"column":52}},"12":{"start":{"line":41,"column":27},"end":{"line":41,"column":52}},"13":{"start":{"line":43,"column":21},"end":{"line":48,"column":45}},"14":{"start":{"line":50,"column":19},"end":{"line":50,"column":70}},"15":{"start":{"line":51,"column":21},"end":{"line":51,"column":35}},"16":{"start":{"line":53,"column":4},"end":{"line":53,"column":65}},"17":{"start":{"line":53,"column":19},"end":{"line":53,"column":65}},"18":{"start":{"line":55,"column":4},"end":{"line":55,"column":20}},"19":{"start":{"line":59,"column":0},"end":{"line":59,"column":26}}},"fnMap":{"0":{"name":"(anonymous_0)","decl":{"start":{"line":14,"column":2},"end":{"line":14,"column":3}},"loc":{"start":{"line":14,"column":60},"end":{"line":20,"column":3}},"line":14},"1":{"name":"(anonymous_1)","decl":{"start":{"line":23,"column":2},"end":{"line":23,"column":3}},"loc":{"start":{"line":23,"column":36},"end":{"line":33,"column":3}},"line":23},"2":{"name":"(anonymous_2)","decl":{"start":{"line":36,"column":2},"end":{"line":36,"column":3}},"loc":{"start":{"line":36,"column":42},"end":{"line":56,"column":3}},"line":36}},"branchMap":{"0":{"loc":{"start":{"line":31,"column":4},"end":{"line":31,"column":67}},"type":"if","locations":[{"start":{"line":31,"column":4},"end":{"line":31,"column":67}},{"start":{"line":31,"column":4},"end":{"line":31,"column":67}}],"line":31},"1":{"loc":{"start":{"line":53,"column":4},"end":{"line":53,"column":65}},"type":"if","locations":[{"start":{"line":53,"column":4},"end":{"line":53,"column":65}},{"start":{"line":53,"column":4},"end":{"line":53,"column":65}}],"line":53}},"s":{"0":7,"1":7,"2":7,"3":7,"4":21,"5":20,"6":4,"7":4,"8":1,"9":3,"10":5,"11":5,"12":5,"13":5,"14":5,"15":5,"16":5,"17":2,"18":3,"19":7},"f":{"0":21,"1":4,"2":5},"b":{"0":[1,3],"1":[2,3]},"_coverageSchema":"1a1c01bbd47fc00a2c39e90264f33305004495a9","hash":"e109920bdd98abedbf5cb2666831ef114c3e5799"}
,"/Users/nateazevedo/Desktop/springboard/node/react/paf/paf-back/models/statements.js": {"path":"/Users/nateazevedo/Desktop/springboard/node/react/paf/paf-back/models/statements.js","statementMap":{"0":{"start":{"line":3,"column":11},"end":{"line":3,"column":27}},"1":{"start":{"line":4,"column":23},"end":{"line":4,"column":55}},"2":{"start":{"line":9,"column":4},"end":{"line":9,"column":30}},"3":{"start":{"line":10,"column":32},"end":{"line":10,"column":57}},"4":{"start":{"line":15,"column":16},"end":{"line":18,"column":5}},"5":{"start":{"line":19,"column":4},"end":{"line":19,"column":23}},"6":{"start":{"line":24,"column":20},"end":{"line":27,"column":5}},"7":{"start":{"line":29,"column":4},"end":{"line":31,"column":5}},"8":{"start":{"line":30,"column":6},"end":{"line":30,"column":32}},"9":{"start":{"line":33,"column":4},"end":{"line":33,"column":34}},"10":{"start":{"line":34,"column":22},"end":{"line":37,"column":5}},"11":{"start":{"line":38,"column":4},"end":{"line":38,"column":41}},"12":{"start":{"line":39,"column":4},"end":{"line":39,"column":21}},"13":{"start":{"line":44,"column":32},"end":{"line":46,"column":6}},"14":{"start":{"line":47,"column":27},"end":{"line":47,"column":52}},"15":{"start":{"line":48,"column":28},"end":{"line":48,"column":53}},"16":{"start":{"line":50,"column":21},"end":{"line":55,"column":35}},"17":{"start":{"line":57,"column":19},"end":{"line":57,"column":70}},"18":{"start":{"line":58,"column":22},"end":{"line":58,"column":36}},"19":{"start":{"line":60,"column":4},"end":{"line":60,"column":67}},"20":{"start":{"line":60,"column":20},"end":{"line":60,"column":67}},"21":{"start":{"line":62,"column":4},"end":{"line":62,"column":21}},"22":{"start":{"line":67,"column":16},"end":{"line":72,"column":5}},"23":{"start":{"line":73,"column":4},"end":{"line":73,"column":68}},"24":{"start":{"line":73,"column":22},"end":{"line":73,"column":68}},"25":{"start":{"line":74,"column":4},"end":{"line":74,"column":34}},"26":{"start":{"line":78,"column":0},"end":{"line":78,"column":27}}},"fnMap":{"0":{"name":"(anonymous_0)","decl":{"start":{"line":14,"column":2},"end":{"line":14,"column":3}},"loc":{"start":{"line":14,"column":58},"end":{"line":20,"column":3}},"line":14},"1":{"name":"(anonymous_1)","decl":{"start":{"line":23,"column":2},"end":{"line":23,"column":3}},"loc":{"start":{"line":23,"column":51},"end":{"line":40,"column":3}},"line":23},"2":{"name":"(anonymous_2)","decl":{"start":{"line":43,"column":2},"end":{"line":43,"column":3}},"loc":{"start":{"line":43,"column":42},"end":{"line":63,"column":3}},"line":43},"3":{"name":"(anonymous_3)","decl":{"start":{"line":66,"column":2},"end":{"line":66,"column":3}},"loc":{"start":{"line":66,"column":36},"end":{"line":75,"column":3}},"line":66}},"branchMap":{"0":{"loc":{"start":{"line":29,"column":4},"end":{"line":31,"column":5}},"type":"if","locations":[{"start":{"line":29,"column":4},"end":{"line":31,"column":5}},{"start":{"line":29,"column":4},"end":{"line":31,"column":5}}],"line":29},"1":{"loc":{"start":{"line":60,"column":4},"end":{"line":60,"column":67}},"type":"if","locations":[{"start":{"line":60,"column":4},"end":{"line":60,"column":67}},{"start":{"line":60,"column":4},"end":{"line":60,"column":67}}],"line":60},"2":{"loc":{"start":{"line":73,"column":4},"end":{"line":73,"column":68}},"type":"if","locations":[{"start":{"line":73,"column":4},"end":{"line":73,"column":68}},{"start":{"line":73,"column":4},"end":{"line":73,"column":68}}],"line":73}},"s":{"0":8,"1":8,"2":8,"3":8,"4":42,"5":41,"6":0,"7":0,"8":0,"9":0,"10":0,"11":0,"12":0,"13":4,"14":4,"15":4,"16":4,"17":4,"18":4,"19":4,"20":1,"21":3,"22":5,"23":4,"24":1,"25":3,"26":8},"f":{"0":42,"1":0,"2":4,"3":5},"b":{"0":[0,0],"1":[1,3],"2":[1,3]},"_coverageSchema":"1a1c01bbd47fc00a2c39e90264f33305004495a9","hash":"cea9fd05936f61c370650672e377b973ec533c8b"}
,"/Users/nateazevedo/Desktop/springboard/node/react/paf/paf-back/models/user.js": {"path":"/Users/nateazevedo/Desktop/springboard/node/react/paf/paf-back/models/user.js","statementMap":{"0":{"start":{"line":3,"column":31},"end":{"line":3,"column":51}},"1":{"start":{"line":4,"column":11},"end":{"line":4,"column":27}},"2":{"start":{"line":5,"column":15},"end":{"line":5,"column":32}},"3":{"start":{"line":10,"column":4},"end":{"line":10,"column":30}},"4":{"start":{"line":11,"column":32},"end":{"line":11,"column":57}},"5":{"start":{"line":16,"column":4},"end":{"line":46,"column":5}},"6":{"start":{"line":17,"column":21},"end":{"line":28,"column":7}},"7":{"start":{"line":30,"column":19},"end":{"line":30,"column":33}},"8":{"start":{"line":32,"column":6},"end":{"line":43,"column":7}},"9":{"start":{"line":33,"column":24},"end":{"line":33,"column":69}},"10":{"start":{"line":35,"column":8},"end":{"line":40,"column":9}},"11":{"start":{"line":36,"column":10},"end":{"line":36,"column":31}},"12":{"start":{"line":37,"column":10},"end":{"line":37,"column":22}},"13":{"start":{"line":39,"column":10},"end":{"line":39,"column":67}},"14":{"start":{"line":42,"column":8},"end":{"line":42,"column":65}},"15":{"start":{"line":45,"column":6},"end":{"line":45,"column":63}},"16":{"start":{"line":58,"column":27},"end":{"line":63,"column":5}},"17":{"start":{"line":65,"column":4},"end":{"line":67,"column":5}},"18":{"start":{"line":66,"column":6},"end":{"line":66,"column":50}},"19":{"start":{"line":69,"column":27},"end":{"line":69,"column":74}},"20":{"start":{"line":71,"column":17},"end":{"line":76,"column":5}},"21":{"start":{"line":78,"column":17},"end":{"line":78,"column":31}},"22":{"start":{"line":80,"column":4},"end":{"line":80,"column":16}},"23":{"start":{"line":85,"column":20},"end":{"line":94,"column":5}},"24":{"start":{"line":96,"column":17},"end":{"line":96,"column":32}},"25":{"start":{"line":98,"column":4},"end":{"line":98,"column":63}},"26":{"start":{"line":98,"column":15},"end":{"line":98,"column":63}},"27":{"start":{"line":100,"column":4},"end":{"line":100,"column":16}},"28":{"start":{"line":105,"column":16},"end":{"line":110,"column":5}},"29":{"start":{"line":111,"column":17},"end":{"line":111,"column":28}},"30":{"start":{"line":113,"column":4},"end":{"line":113,"column":63}},"31":{"start":{"line":113,"column":15},"end":{"line":113,"column":63}},"32":{"start":{"line":115,"column":4},"end":{"line":115,"column":33}},"33":{"start":{"line":120,"column":4},"end":{"line":122,"column":5}},"34":{"start":{"line":121,"column":6},"end":{"line":121,"column":75}},"35":{"start":{"line":123,"column":32},"end":{"line":126,"column":6}},"36":{"start":{"line":127,"column":27},"end":{"line":127,"column":52}},"37":{"start":{"line":129,"column":21},"end":{"line":136,"column":41}},"38":{"start":{"line":138,"column":19},"end":{"line":138,"column":66}},"39":{"start":{"line":139,"column":17},"end":{"line":139,"column":31}},"40":{"start":{"line":141,"column":4},"end":{"line":141,"column":63}},"41":{"start":{"line":141,"column":15},"end":{"line":141,"column":63}},"42":{"start":{"line":143,"column":4},"end":{"line":143,"column":16}},"43":{"start":{"line":147,"column":0},"end":{"line":147,"column":22}}},"fnMap":{"0":{"name":"(anonymous_0)","decl":{"start":{"line":15,"column":2},"end":{"line":15,"column":3}},"loc":{"start":{"line":15,"column":48},"end":{"line":47,"column":3}},"line":15},"1":{"name":"(anonymous_1)","decl":{"start":{"line":50,"column":2},"end":{"line":50,"column":3}},"loc":{"start":{"line":57,"column":5},"end":{"line":81,"column":3}},"line":57},"2":{"name":"(anonymous_2)","decl":{"start":{"line":84,"column":2},"end":{"line":84,"column":3}},"loc":{"start":{"line":84,"column":37},"end":{"line":101,"column":3}},"line":84},"3":{"name":"(anonymous_3)","decl":{"start":{"line":104,"column":2},"end":{"line":104,"column":3}},"loc":{"start":{"line":104,"column":32},"end":{"line":116,"column":3}},"line":104},"4":{"name":"(anonymous_4)","decl":{"start":{"line":119,"column":2},"end":{"line":119,"column":3}},"loc":{"start":{"line":119,"column":38},"end":{"line":144,"column":3}},"line":119}},"branchMap":{"0":{"loc":{"start":{"line":32,"column":6},"end":{"line":43,"column":7}},"type":"if","locations":[{"start":{"line":32,"column":6},"end":{"line":43,"column":7}},{"start":{"line":32,"column":6},"end":{"line":43,"column":7}}],"line":32},"1":{"loc":{"start":{"line":35,"column":8},"end":{"line":40,"column":9}},"type":"if","locations":[{"start":{"line":35,"column":8},"end":{"line":40,"column":9}},{"start":{"line":35,"column":8},"end":{"line":40,"column":9}}],"line":35},"2":{"loc":{"start":{"line":65,"column":4},"end":{"line":67,"column":5}},"type":"if","locations":[{"start":{"line":65,"column":4},"end":{"line":67,"column":5}},{"start":{"line":65,"column":4},"end":{"line":67,"column":5}}],"line":65},"3":{"loc":{"start":{"line":98,"column":4},"end":{"line":98,"column":63}},"type":"if","locations":[{"start":{"line":98,"column":4},"end":{"line":98,"column":63}},{"start":{"line":98,"column":4},"end":{"line":98,"column":63}}],"line":98},"4":{"loc":{"start":{"line":113,"column":4},"end":{"line":113,"column":63}},"type":"if","locations":[{"start":{"line":113,"column":4},"end":{"line":113,"column":63}},{"start":{"line":113,"column":4},"end":{"line":113,"column":63}}],"line":113},"5":{"loc":{"start":{"line":120,"column":4},"end":{"line":122,"column":5}},"type":"if","locations":[{"start":{"line":120,"column":4},"end":{"line":122,"column":5}},{"start":{"line":120,"column":4},"end":{"line":122,"column":5}}],"line":120},"6":{"loc":{"start":{"line":141,"column":4},"end":{"line":141,"column":63}},"type":"if","locations":[{"start":{"line":141,"column":4},"end":{"line":141,"column":63}},{"start":{"line":141,"column":4},"end":{"line":141,"column":63}}],"line":141}},"s":{"0":7,"1":7,"2":7,"3":7,"4":7,"5":7,"6":7,"7":0,"8":0,"9":0,"10":0,"11":0,"12":0,"13":0,"14":0,"15":7,"16":20,"17":20,"18":1,"19":19,"20":19,"21":19,"22":19,"23":3,"24":3,"25":3,"26":1,"27":2,"28":5,"29":5,"30":5,"31":2,"32":3,"33":7,"34":1,"35":7,"36":6,"37":6,"38":6,"39":6,"40":6,"41":2,"42":4,"43":7},"f":{"0":7,"1":20,"2":3,"3":5,"4":7},"b":{"0":[0,0],"1":[0,0],"2":[1,19],"3":[1,2],"4":[2,3],"5":[1,6],"6":[2,4]},"_coverageSchema":"1a1c01bbd47fc00a2c39e90264f33305004495a9","hash":"559e6a518aeabdb0edb84089505f97a13ca2ce48"}
,"/Users/nateazevedo/Desktop/springboard/node/react/paf/paf-back/routes/_testCommon.js": {"path":"/Users/nateazevedo/Desktop/springboard/node/react/paf/paf-back/routes/_testCommon.js","statementMap":{"0":{"start":{"line":3,"column":11},"end":{"line":3,"column":30}},"1":{"start":{"line":4,"column":13},"end":{"line":4,"column":38}},"2":{"start":{"line":5,"column":24},"end":{"line":5,"column":52}},"3":{"start":{"line":7,"column":19},"end":{"line":7,"column":21}},"4":{"start":{"line":11,"column":2},"end":{"line":11,"column":38}},"5":{"start":{"line":13,"column":2},"end":{"line":13,"column":43}},"6":{"start":{"line":15,"column":2},"end":{"line":15,"column":42}},"7":{"start":{"line":17,"column":2},"end":{"line":24,"column":5}},"8":{"start":{"line":25,"column":2},"end":{"line":32,"column":5}},"9":{"start":{"line":33,"column":2},"end":{"line":40,"column":5}},"10":{"start":{"line":44,"column":2},"end":{"line":44,"column":26}},"11":{"start":{"line":48,"column":2},"end":{"line":48,"column":29}},"12":{"start":{"line":52,"column":2},"end":{"line":52,"column":17}},"13":{"start":{"line":56,"column":16},"end":{"line":56,"column":63}},"14":{"start":{"line":57,"column":16},"end":{"line":57,"column":63}},"15":{"start":{"line":58,"column":19},"end":{"line":58,"column":68}},"16":{"start":{"line":61,"column":0},"end":{"line":69,"column":2}}},"fnMap":{"0":{"name":"commonBeforeAll","decl":{"start":{"line":9,"column":15},"end":{"line":9,"column":30}},"loc":{"start":{"line":9,"column":33},"end":{"line":41,"column":1}},"line":9},"1":{"name":"commonBeforeEach","decl":{"start":{"line":43,"column":15},"end":{"line":43,"column":31}},"loc":{"start":{"line":43,"column":34},"end":{"line":45,"column":1}},"line":43},"2":{"name":"commonAfterEach","decl":{"start":{"line":47,"column":15},"end":{"line":47,"column":30}},"loc":{"start":{"line":47,"column":33},"end":{"line":49,"column":1}},"line":47},"3":{"name":"commonAfterAll","decl":{"start":{"line":51,"column":15},"end":{"line":51,"column":29}},"loc":{"start":{"line":51,"column":32},"end":{"line":53,"column":1}},"line":51}},"branchMap":{},"s":{"0":5,"1":5,"2":5,"3":5,"4":5,"5":5,"6":5,"7":5,"8":5,"9":5,"10":66,"11":66,"12":5,"13":5,"14":5,"15":5,"16":5},"f":{"0":5,"1":66,"2":66,"3":5},"b":{},"_coverageSchema":"1a1c01bbd47fc00a2c39e90264f33305004495a9","hash":"a72f5bb808dc3e4904ec30bd3e3bc4d94073a09c"}
,"/Users/nateazevedo/Desktop/springboard/node/react/paf/paf-back/routes/auth.js": {"path":"/Users/nateazevedo/Desktop/springboard/node/react/paf/paf-back/routes/auth.js","statementMap":{"0":{"start":{"line":3,"column":15},"end":{"line":3,"column":32}},"1":{"start":{"line":4,"column":43},"end":{"line":4,"column":69}},"2":{"start":{"line":5,"column":16},"end":{"line":5,"column":34}},"3":{"start":{"line":6,"column":15},"end":{"line":6,"column":35}},"4":{"start":{"line":7,"column":11},"end":{"line":7,"column":27}},"5":{"start":{"line":8,"column":31},"end":{"line":8,"column":51}},"6":{"start":{"line":9,"column":13},"end":{"line":9,"column":38}},"7":{"start":{"line":10,"column":23},"end":{"line":10,"column":58}},"8":{"start":{"line":11,"column":27},"end":{"line":11,"column":66}},"9":{"start":{"line":12,"column":19},"end":{"line":12,"column":40}},"10":{"start":{"line":13,"column":24},"end":{"line":13,"column":52}},"11":{"start":{"line":18,"column":0},"end":{"line":33,"column":3}},"12":{"start":{"line":19,"column":2},"end":{"line":32,"column":3}},"13":{"start":{"line":20,"column":22},"end":{"line":20,"column":71}},"14":{"start":{"line":21,"column":4},"end":{"line":24,"column":5}},"15":{"start":{"line":22,"column":19},"end":{"line":22,"column":55}},"16":{"start":{"line":22,"column":47},"end":{"line":22,"column":54}},"17":{"start":{"line":23,"column":6},"end":{"line":23,"column":34}},"18":{"start":{"line":25,"column":80},"end":{"line":25,"column":88}},"19":{"start":{"line":26,"column":20},"end":{"line":26,"column":100}},"20":{"start":{"line":27,"column":18},"end":{"line":27,"column":38}},"21":{"start":{"line":29,"column":4},"end":{"line":29,"column":43}},"22":{"start":{"line":31,"column":4},"end":{"line":31,"column":14}},"23":{"start":{"line":38,"column":0},"end":{"line":53,"column":3}},"24":{"start":{"line":39,"column":2},"end":{"line":52,"column":3}},"25":{"start":{"line":40,"column":22},"end":{"line":40,"column":67}},"26":{"start":{"line":41,"column":4},"end":{"line":45,"column":5}},"27":{"start":{"line":42,"column":19},"end":{"line":42,"column":55}},"28":{"start":{"line":42,"column":47},"end":{"line":42,"column":54}},"29":{"start":{"line":44,"column":6},"end":{"line":44,"column":34}},"30":{"start":{"line":46,"column":35},"end":{"line":46,"column":43}},"31":{"start":{"line":47,"column":17},"end":{"line":47,"column":60}},"32":{"start":{"line":48,"column":18},"end":{"line":48,"column":35}},"33":{"start":{"line":49,"column":4},"end":{"line":49,"column":31}},"34":{"start":{"line":51,"column":4},"end":{"line":51,"column":21}},"35":{"start":{"line":55,"column":0},"end":{"line":55,"column":24}}},"fnMap":{"0":{"name":"(anonymous_0)","decl":{"start":{"line":18,"column":25},"end":{"line":18,"column":26}},"loc":{"start":{"line":18,"column":57},"end":{"line":33,"column":1}},"line":18},"1":{"name":"(anonymous_1)","decl":{"start":{"line":22,"column":40},"end":{"line":22,"column":41}},"loc":{"start":{"line":22,"column":47},"end":{"line":22,"column":54}},"line":22},"2":{"name":"(anonymous_2)","decl":{"start":{"line":38,"column":22},"end":{"line":38,"column":23}},"loc":{"start":{"line":38,"column":54},"end":{"line":53,"column":1}},"line":38},"3":{"name":"(anonymous_3)","decl":{"start":{"line":42,"column":40},"end":{"line":42,"column":41}},"loc":{"start":{"line":42,"column":47},"end":{"line":42,"column":54}},"line":42}},"branchMap":{"0":{"loc":{"start":{"line":21,"column":4},"end":{"line":24,"column":5}},"type":"if","locations":[{"start":{"line":21,"column":4},"end":{"line":24,"column":5}},{"start":{"line":21,"column":4},"end":{"line":24,"column":5}}],"line":21},"1":{"loc":{"start":{"line":25,"column":60},"end":{"line":25,"column":75}},"type":"default-arg","locations":[{"start":{"line":25,"column":70},"end":{"line":25,"column":75}}],"line":25},"2":{"loc":{"start":{"line":41,"column":4},"end":{"line":45,"column":5}},"type":"if","locations":[{"start":{"line":41,"column":4},"end":{"line":45,"column":5}},{"start":{"line":41,"column":4},"end":{"line":45,"column":5}}],"line":41}},"s":{"0":6,"1":6,"2":6,"3":6,"4":6,"5":6,"6":6,"7":6,"8":6,"9":6,"10":6,"11":6,"12":3,"13":3,"14":3,"15":2,"16":5,"17":2,"18":1,"19":1,"20":1,"21":1,"22":2,"23":6,"24":5,"25":5,"26":5,"27":2,"28":2,"29":2,"30":3,"31":3,"32":0,"33":0,"34":5,"35":6},"f":{"0":3,"1":5,"2":5,"3":2},"b":{"0":[2,1],"1":[1],"2":[2,3]},"_coverageSchema":"1a1c01bbd47fc00a2c39e90264f33305004495a9","hash":"e3cf286e72f142c1ae28c5b7d0fb9157fbcb6d66"}
,"/Users/nateazevedo/Desktop/springboard/node/react/paf/paf-back/routes/chat.js": {"path":"/Users/nateazevedo/Desktop/springboard/node/react/paf/paf-back/routes/chat.js","statementMap":{"0":{"start":{"line":3,"column":16},"end":{"line":3,"column":34}},"1":{"start":{"line":4,"column":15},"end":{"line":4,"column":35}},"2":{"start":{"line":5,"column":13},"end":{"line":5,"column":38}},"3":{"start":{"line":6,"column":19},"end":{"line":6,"column":40}},"4":{"start":{"line":7,"column":37},"end":{"line":7,"column":66}},"5":{"start":{"line":12,"column":0},"end":{"line":21,"column":3}},"6":{"start":{"line":13,"column":2},"end":{"line":20,"column":3}},"7":{"start":{"line":14,"column":17},"end":{"line":14,"column":25}},"8":{"start":{"line":15,"column":4},"end":{"line":15,"column":40}},"9":{"start":{"line":16,"column":22},"end":{"line":16,"column":50}},"10":{"start":{"line":17,"column":4},"end":{"line":17,"column":31}},"11":{"start":{"line":19,"column":4},"end":{"line":19,"column":21}},"12":{"start":{"line":23,"column":0},"end":{"line":23,"column":24}}},"fnMap":{"0":{"name":"(anonymous_0)","decl":{"start":{"line":12,"column":52},"end":{"line":12,"column":53}},"loc":{"start":{"line":12,"column":84},"end":{"line":21,"column":1}},"line":12}},"branchMap":{},"s":{"0":6,"1":6,"2":6,"3":6,"4":6,"5":6,"6":0,"7":0,"8":0,"9":0,"10":0,"11":0,"12":6},"f":{"0":0},"b":{},"_coverageSchema":"1a1c01bbd47fc00a2c39e90264f33305004495a9","hash":"81501a270a08bf6628b62a45e92a940b964944c2"}
,"/Users/nateazevedo/Desktop/springboard/node/react/paf/paf-back/routes/friends.js": {"path":"/Users/nateazevedo/Desktop/springboard/node/react/paf/paf-back/routes/friends.js","statementMap":{"0":{"start":{"line":3,"column":16},"end":{"line":3,"column":34}},"1":{"start":{"line":4,"column":15},"end":{"line":4,"column":35}},"2":{"start":{"line":5,"column":15},"end":{"line":5,"column":43}},"3":{"start":{"line":6,"column":19},"end":{"line":6,"column":40}},"4":{"start":{"line":7,"column":37},"end":{"line":7,"column":66}},"5":{"start":{"line":8,"column":24},"end":{"line":8,"column":60}},"6":{"start":{"line":9,"column":27},"end":{"line":9,"column":66}},"7":{"start":{"line":10,"column":43},"end":{"line":10,"column":69}},"8":{"start":{"line":16,"column":0},"end":{"line":34,"column":2}},"9":{"start":{"line":20,"column":22},"end":{"line":20,"column":68}},"10":{"start":{"line":21,"column":4},"end":{"line":24,"column":5}},"11":{"start":{"line":22,"column":19},"end":{"line":22,"column":55}},"12":{"start":{"line":22,"column":47},"end":{"line":22,"column":54}},"13":{"start":{"line":23,"column":6},"end":{"line":23,"column":34}},"14":{"start":{"line":25,"column":4},"end":{"line":32,"column":5}},"15":{"start":{"line":26,"column":17},"end":{"line":26,"column":25}},"16":{"start":{"line":27,"column":6},"end":{"line":27,"column":42}},"17":{"start":{"line":28,"column":21},"end":{"line":28,"column":46}},"18":{"start":{"line":29,"column":6},"end":{"line":29,"column":30}},"19":{"start":{"line":31,"column":6},"end":{"line":31,"column":23}},"20":{"start":{"line":37,"column":0},"end":{"line":49,"column":2}},"21":{"start":{"line":41,"column":4},"end":{"line":47,"column":5}},"22":{"start":{"line":42,"column":27},"end":{"line":42,"column":37}},"23":{"start":{"line":43,"column":22},"end":{"line":43,"column":55}},"24":{"start":{"line":44,"column":6},"end":{"line":44,"column":31}},"25":{"start":{"line":46,"column":6},"end":{"line":46,"column":23}},"26":{"start":{"line":52,"column":0},"end":{"line":64,"column":2}},"27":{"start":{"line":56,"column":4},"end":{"line":62,"column":5}},"28":{"start":{"line":57,"column":37},"end":{"line":57,"column":47}},"29":{"start":{"line":58,"column":21},"end":{"line":58,"column":63}},"30":{"start":{"line":59,"column":6},"end":{"line":59,"column":30}},"31":{"start":{"line":61,"column":6},"end":{"line":61,"column":23}},"32":{"start":{"line":67,"column":0},"end":{"line":79,"column":2}},"33":{"start":{"line":71,"column":4},"end":{"line":77,"column":5}},"34":{"start":{"line":72,"column":37},"end":{"line":72,"column":47}},"35":{"start":{"line":73,"column":23},"end":{"line":73,"column":62}},"36":{"start":{"line":74,"column":6},"end":{"line":74,"column":32}},"37":{"start":{"line":76,"column":6},"end":{"line":76,"column":23}},"38":{"start":{"line":82,"column":0},"end":{"line":101,"column":2}},"39":{"start":{"line":86,"column":4},"end":{"line":99,"column":5}},"40":{"start":{"line":87,"column":24},"end":{"line":87,"column":73}},"41":{"start":{"line":88,"column":6},"end":{"line":91,"column":7}},"42":{"start":{"line":89,"column":21},"end":{"line":89,"column":57}},"43":{"start":{"line":89,"column":49},"end":{"line":89,"column":56}},"44":{"start":{"line":90,"column":8},"end":{"line":90,"column":36}},"45":{"start":{"line":92,"column":23},"end":{"line":92,"column":42}},"46":{"start":{"line":93,"column":17},"end":{"line":93,"column":30}},"47":{"start":{"line":94,"column":19},"end":{"line":94,"column":27}},"48":{"start":{"line":95,"column":22},"end":{"line":95,"column":61}},"49":{"start":{"line":96,"column":6},"end":{"line":96,"column":31}},"50":{"start":{"line":98,"column":6},"end":{"line":98,"column":23}},"51":{"start":{"line":103,"column":0},"end":{"line":103,"column":24}}},"fnMap":{"0":{"name":"(anonymous_0)","decl":{"start":{"line":19,"column":2},"end":{"line":19,"column":3}},"loc":{"start":{"line":19,"column":34},"end":{"line":33,"column":3}},"line":19},"1":{"name":"(anonymous_1)","decl":{"start":{"line":22,"column":40},"end":{"line":22,"column":41}},"loc":{"start":{"line":22,"column":47},"end":{"line":22,"column":54}},"line":22},"2":{"name":"(anonymous_2)","decl":{"start":{"line":40,"column":2},"end":{"line":40,"column":3}},"loc":{"start":{"line":40,"column":34},"end":{"line":48,"column":3}},"line":40},"3":{"name":"(anonymous_3)","decl":{"start":{"line":55,"column":2},"end":{"line":55,"column":3}},"loc":{"start":{"line":55,"column":34},"end":{"line":63,"column":3}},"line":55},"4":{"name":"(anonymous_4)","decl":{"start":{"line":70,"column":2},"end":{"line":70,"column":3}},"loc":{"start":{"line":70,"column":34},"end":{"line":78,"column":3}},"line":70},"5":{"name":"(anonymous_5)","decl":{"start":{"line":85,"column":2},"end":{"line":85,"column":3}},"loc":{"start":{"line":85,"column":34},"end":{"line":100,"column":3}},"line":85},"6":{"name":"(anonymous_6)","decl":{"start":{"line":89,"column":42},"end":{"line":89,"column":43}},"loc":{"start":{"line":89,"column":49},"end":{"line":89,"column":56}},"line":89}},"branchMap":{"0":{"loc":{"start":{"line":21,"column":4},"end":{"line":24,"column":5}},"type":"if","locations":[{"start":{"line":21,"column":4},"end":{"line":24,"column":5}},{"start":{"line":21,"column":4},"end":{"line":24,"column":5}}],"line":21},"1":{"loc":{"start":{"line":88,"column":6},"end":{"line":91,"column":7}},"type":"if","locations":[{"start":{"line":88,"column":6},"end":{"line":91,"column":7}},{"start":{"line":88,"column":6},"end":{"line":91,"column":7}}],"line":88}},"s":{"0":6,"1":6,"2":6,"3":6,"4":6,"5":6,"6":6,"7":6,"8":6,"9":52,"10":52,"11":0,"12":0,"13":0,"14":52,"15":52,"16":52,"17":52,"18":52,"19":0,"20":6,"21":0,"22":0,"23":0,"24":0,"25":0,"26":6,"27":1,"28":1,"29":1,"30":1,"31":0,"32":6,"33":3,"34":3,"35":3,"36":2,"37":1,"38":6,"39":4,"40":4,"41":4,"42":1,"43":1,"44":1,"45":3,"46":3,"47":3,"48":3,"49":2,"50":2,"51":6},"f":{"0":52,"1":0,"2":0,"3":1,"4":3,"5":4,"6":1},"b":{"0":[0,52],"1":[1,3]},"_coverageSchema":"1a1c01bbd47fc00a2c39e90264f33305004495a9","hash":"8f387ca93918696e0b709376cd33caa68d1710a6"}
,"/Users/nateazevedo/Desktop/springboard/node/react/paf/paf-back/routes/responses.js": {"path":"/Users/nateazevedo/Desktop/springboard/node/react/paf/paf-back/routes/responses.js","statementMap":{"0":{"start":{"line":3,"column":16},"end":{"line":3,"column":34}},"1":{"start":{"line":4,"column":15},"end":{"line":4,"column":35}},"2":{"start":{"line":5,"column":17},"end":{"line":5,"column":47}},"3":{"start":{"line":6,"column":19},"end":{"line":6,"column":40}},"4":{"start":{"line":7,"column":37},"end":{"line":7,"column":66}},"5":{"start":{"line":8,"column":26},"end":{"line":8,"column":64}},"6":{"start":{"line":9,"column":29},"end":{"line":9,"column":70}},"7":{"start":{"line":10,"column":43},"end":{"line":10,"column":69}},"8":{"start":{"line":13,"column":0},"end":{"line":31,"column":2}},"9":{"start":{"line":17,"column":4},"end":{"line":29,"column":5}},"10":{"start":{"line":18,"column":24},"end":{"line":18,"column":72}},"11":{"start":{"line":19,"column":6},"end":{"line":22,"column":7}},"12":{"start":{"line":20,"column":21},"end":{"line":20,"column":57}},"13":{"start":{"line":20,"column":49},"end":{"line":20,"column":56}},"14":{"start":{"line":21,"column":8},"end":{"line":21,"column":36}},"15":{"start":{"line":23,"column":17},"end":{"line":23,"column":25}},"16":{"start":{"line":24,"column":6},"end":{"line":24,"column":42}},"17":{"start":{"line":25,"column":23},"end":{"line":25,"column":50}},"18":{"start":{"line":26,"column":6},"end":{"line":26,"column":32}},"19":{"start":{"line":28,"column":6},"end":{"line":28,"column":23}},"20":{"start":{"line":34,"column":0},"end":{"line":46,"column":2}},"21":{"start":{"line":38,"column":4},"end":{"line":44,"column":5}},"22":{"start":{"line":39,"column":39},"end":{"line":39,"column":49}},"23":{"start":{"line":40,"column":23},"end":{"line":40,"column":66}},"24":{"start":{"line":41,"column":6},"end":{"line":41,"column":32}},"25":{"start":{"line":43,"column":6},"end":{"line":43,"column":23}},"26":{"start":{"line":49,"column":0},"end":{"line":68,"column":2}},"27":{"start":{"line":53,"column":4},"end":{"line":66,"column":5}},"28":{"start":{"line":54,"column":24},"end":{"line":54,"column":75}},"29":{"start":{"line":55,"column":6},"end":{"line":58,"column":7}},"30":{"start":{"line":56,"column":21},"end":{"line":56,"column":57}},"31":{"start":{"line":56,"column":49},"end":{"line":56,"column":56}},"32":{"start":{"line":57,"column":8},"end":{"line":57,"column":36}},"33":{"start":{"line":59,"column":23},"end":{"line":59,"column":42}},"34":{"start":{"line":60,"column":17},"end":{"line":60,"column":30}},"35":{"start":{"line":61,"column":19},"end":{"line":61,"column":27}},"36":{"start":{"line":62,"column":22},"end":{"line":62,"column":63}},"37":{"start":{"line":63,"column":6},"end":{"line":63,"column":31}},"38":{"start":{"line":65,"column":6},"end":{"line":65,"column":23}},"39":{"start":{"line":70,"column":0},"end":{"line":70,"column":24}}},"fnMap":{"0":{"name":"(anonymous_0)","decl":{"start":{"line":16,"column":2},"end":{"line":16,"column":3}},"loc":{"start":{"line":16,"column":34},"end":{"line":30,"column":3}},"line":16},"1":{"name":"(anonymous_1)","decl":{"start":{"line":20,"column":42},"end":{"line":20,"column":43}},"loc":{"start":{"line":20,"column":49},"end":{"line":20,"column":56}},"line":20},"2":{"name":"(anonymous_2)","decl":{"start":{"line":37,"column":2},"end":{"line":37,"column":3}},"loc":{"start":{"line":37,"column":34},"end":{"line":45,"column":3}},"line":37},"3":{"name":"(anonymous_3)","decl":{"start":{"line":52,"column":2},"end":{"line":52,"column":3}},"loc":{"start":{"line":52,"column":34},"end":{"line":67,"column":3}},"line":52},"4":{"name":"(anonymous_4)","decl":{"start":{"line":56,"column":42},"end":{"line":56,"column":43}},"loc":{"start":{"line":56,"column":49},"end":{"line":56,"column":56}},"line":56}},"branchMap":{"0":{"loc":{"start":{"line":19,"column":6},"end":{"line":22,"column":7}},"type":"if","locations":[{"start":{"line":19,"column":6},"end":{"line":22,"column":7}},{"start":{"line":19,"column":6},"end":{"line":22,"column":7}}],"line":19},"1":{"loc":{"start":{"line":55,"column":6},"end":{"line":58,"column":7}},"type":"if","locations":[{"start":{"line":55,"column":6},"end":{"line":58,"column":7}},{"start":{"line":55,"column":6},"end":{"line":58,"column":7}}],"line":55}},"s":{"0":6,"1":6,"2":6,"3":6,"4":6,"5":6,"6":6,"7":6,"8":6,"9":17,"10":17,"11":17,"12":1,"13":1,"14":1,"15":16,"16":16,"17":16,"18":16,"19":1,"20":6,"21":3,"22":3,"23":3,"24":2,"25":1,"26":6,"27":4,"28":4,"29":4,"30":1,"31":1,"32":1,"33":3,"34":3,"35":3,"36":3,"37":2,"38":2,"39":6},"f":{"0":17,"1":1,"2":3,"3":4,"4":1},"b":{"0":[1,16],"1":[1,3]},"_coverageSchema":"1a1c01bbd47fc00a2c39e90264f33305004495a9","hash":"e09bfb38bb7161fc7e39e1782e2095d269c547a5"}
,"/Users/nateazevedo/Desktop/springboard/node/react/paf/paf-back/routes/statements.js": {"path":"/Users/nateazevedo/Desktop/springboard/node/react/paf/paf-back/routes/statements.js","statementMap":{"0":{"start":{"line":3,"column":16},"end":{"line":3,"column":34}},"1":{"start":{"line":4,"column":15},"end":{"line":4,"column":35}},"2":{"start":{"line":5,"column":18},"end":{"line":5,"column":49}},"3":{"start":{"line":6,"column":19},"end":{"line":6,"column":40}},"4":{"start":{"line":7,"column":37},"end":{"line":7,"column":66}},"5":{"start":{"line":8,"column":27},"end":{"line":8,"column":66}},"6":{"start":{"line":9,"column":30},"end":{"line":9,"column":72}},"7":{"start":{"line":10,"column":43},"end":{"line":10,"column":69}},"8":{"start":{"line":13,"column":0},"end":{"line":31,"column":2}},"9":{"start":{"line":17,"column":4},"end":{"line":29,"column":5}},"10":{"start":{"line":18,"column":24},"end":{"line":18,"column":73}},"11":{"start":{"line":19,"column":6},"end":{"line":22,"column":7}},"12":{"start":{"line":20,"column":21},"end":{"line":20,"column":57}},"13":{"start":{"line":20,"column":49},"end":{"line":20,"column":56}},"14":{"start":{"line":21,"column":8},"end":{"line":21,"column":36}},"15":{"start":{"line":23,"column":19},"end":{"line":23,"column":27}},"16":{"start":{"line":24,"column":6},"end":{"line":24,"column":42}},"17":{"start":{"line":25,"column":24},"end":{"line":25,"column":52}},"18":{"start":{"line":26,"column":6},"end":{"line":26,"column":33}},"19":{"start":{"line":28,"column":6},"end":{"line":28,"column":23}},"20":{"start":{"line":34,"column":0},"end":{"line":46,"column":2}},"21":{"start":{"line":38,"column":4},"end":{"line":44,"column":5}},"22":{"start":{"line":39,"column":40},"end":{"line":39,"column":50}},"23":{"start":{"line":40,"column":24},"end":{"line":40,"column":75}},"24":{"start":{"line":41,"column":6},"end":{"line":41,"column":33}},"25":{"start":{"line":43,"column":6},"end":{"line":43,"column":23}},"26":{"start":{"line":49,"column":0},"end":{"line":61,"column":2}},"27":{"start":{"line":53,"column":4},"end":{"line":59,"column":5}},"28":{"start":{"line":54,"column":40},"end":{"line":54,"column":50}},"29":{"start":{"line":55,"column":23},"end":{"line":55,"column":68}},"30":{"start":{"line":56,"column":6},"end":{"line":56,"column":32}},"31":{"start":{"line":58,"column":6},"end":{"line":58,"column":23}},"32":{"start":{"line":64,"column":0},"end":{"line":83,"column":2}},"33":{"start":{"line":68,"column":4},"end":{"line":81,"column":5}},"34":{"start":{"line":69,"column":24},"end":{"line":69,"column":76}},"35":{"start":{"line":70,"column":6},"end":{"line":73,"column":7}},"36":{"start":{"line":71,"column":21},"end":{"line":71,"column":57}},"37":{"start":{"line":71,"column":49},"end":{"line":71,"column":56}},"38":{"start":{"line":72,"column":8},"end":{"line":72,"column":36}},"39":{"start":{"line":74,"column":23},"end":{"line":74,"column":42}},"40":{"start":{"line":75,"column":17},"end":{"line":75,"column":30}},"41":{"start":{"line":76,"column":19},"end":{"line":76,"column":27}},"42":{"start":{"line":77,"column":22},"end":{"line":77,"column":64}},"43":{"start":{"line":78,"column":6},"end":{"line":78,"column":31}},"44":{"start":{"line":80,"column":6},"end":{"line":80,"column":23}},"45":{"start":{"line":85,"column":0},"end":{"line":85,"column":24}}},"fnMap":{"0":{"name":"(anonymous_0)","decl":{"start":{"line":16,"column":2},"end":{"line":16,"column":3}},"loc":{"start":{"line":16,"column":34},"end":{"line":30,"column":3}},"line":16},"1":{"name":"(anonymous_1)","decl":{"start":{"line":20,"column":42},"end":{"line":20,"column":43}},"loc":{"start":{"line":20,"column":49},"end":{"line":20,"column":56}},"line":20},"2":{"name":"(anonymous_2)","decl":{"start":{"line":37,"column":2},"end":{"line":37,"column":3}},"loc":{"start":{"line":37,"column":34},"end":{"line":45,"column":3}},"line":37},"3":{"name":"(anonymous_3)","decl":{"start":{"line":52,"column":2},"end":{"line":52,"column":3}},"loc":{"start":{"line":52,"column":34},"end":{"line":60,"column":3}},"line":52},"4":{"name":"(anonymous_4)","decl":{"start":{"line":67,"column":2},"end":{"line":67,"column":3}},"loc":{"start":{"line":67,"column":34},"end":{"line":82,"column":3}},"line":67},"5":{"name":"(anonymous_5)","decl":{"start":{"line":71,"column":42},"end":{"line":71,"column":43}},"loc":{"start":{"line":71,"column":49},"end":{"line":71,"column":56}},"line":71}},"branchMap":{"0":{"loc":{"start":{"line":19,"column":6},"end":{"line":22,"column":7}},"type":"if","locations":[{"start":{"line":19,"column":6},"end":{"line":22,"column":7}},{"start":{"line":19,"column":6},"end":{"line":22,"column":7}}],"line":19},"1":{"loc":{"start":{"line":70,"column":6},"end":{"line":73,"column":7}},"type":"if","locations":[{"start":{"line":70,"column":6},"end":{"line":73,"column":7}},{"start":{"line":70,"column":6},"end":{"line":73,"column":7}}],"line":70}},"s":{"0":6,"1":6,"2":6,"3":6,"4":6,"5":6,"6":6,"7":6,"8":6,"9":36,"10":36,"11":36,"12":0,"13":0,"14":0,"15":36,"16":36,"17":36,"18":36,"19":0,"20":6,"21":0,"22":0,"23":0,"24":0,"25":0,"26":6,"27":3,"28":3,"29":3,"30":2,"31":1,"32":6,"33":4,"34":4,"35":4,"36":1,"37":2,"38":1,"39":3,"40":3,"41":3,"42":3,"43":2,"44":2,"45":6},"f":{"0":36,"1":0,"2":0,"3":3,"4":4,"5":2},"b":{"0":[0,36],"1":[1,3]},"_coverageSchema":"1a1c01bbd47fc00a2c39e90264f33305004495a9","hash":"f152f0ec43bc141e043e16edb695d3ca9dde8eca"}
,"/Users/nateazevedo/Desktop/springboard/node/react/paf/paf-back/routes/user.js": {"path":"/Users/nateazevedo/Desktop/springboard/node/react/paf/paf-back/routes/user.js","statementMap":{"0":{"start":{"line":3,"column":16},"end":{"line":3,"column":34}},"1":{"start":{"line":4,"column":15},"end":{"line":4,"column":35}},"2":{"start":{"line":5,"column":13},"end":{"line":5,"column":38}},"3":{"start":{"line":6,"column":19},"end":{"line":6,"column":40}},"4":{"start":{"line":7,"column":37},"end":{"line":7,"column":66}},"5":{"start":{"line":8,"column":25},"end":{"line":8,"column":62}},"6":{"start":{"line":9,"column":43},"end":{"line":9,"column":69}},"7":{"start":{"line":13,"column":0},"end":{"line":22,"column":2}},"8":{"start":{"line":14,"column":2},"end":{"line":20,"column":5}},"9":{"start":{"line":15,"column":23},"end":{"line":15,"column":42}},"10":{"start":{"line":16,"column":19},"end":{"line":16,"column":51}},"11":{"start":{"line":17,"column":6},"end":{"line":17,"column":28}},"12":{"start":{"line":19,"column":6},"end":{"line":19,"column":23}},"13":{"start":{"line":24,"column":0},"end":{"line":33,"column":2}},"14":{"start":{"line":25,"column":4},"end":{"line":31,"column":5}},"15":{"start":{"line":26,"column":23},"end":{"line":26,"column":42}},"16":{"start":{"line":27,"column":22},"end":{"line":27,"column":49}},"17":{"start":{"line":28,"column":6},"end":{"line":28,"column":31}},"18":{"start":{"line":30,"column":6},"end":{"line":30,"column":23}},"19":{"start":{"line":35,"column":0},"end":{"line":50,"column":2}},"20":{"start":{"line":36,"column":2},"end":{"line":48,"column":5}},"21":{"start":{"line":37,"column":24},"end":{"line":37,"column":71}},"22":{"start":{"line":38,"column":6},"end":{"line":41,"column":7}},"23":{"start":{"line":39,"column":21},"end":{"line":39,"column":57}},"24":{"start":{"line":39,"column":49},"end":{"line":39,"column":56}},"25":{"start":{"line":40,"column":8},"end":{"line":40,"column":36}},"26":{"start":{"line":42,"column":23},"end":{"line":42,"column":42}},"27":{"start":{"line":43,"column":19},"end":{"line":43,"column":27}},"28":{"start":{"line":44,"column":22},"end":{"line":44,"column":55}},"29":{"start":{"line":45,"column":6},"end":{"line":45,"column":31}},"30":{"start":{"line":47,"column":6},"end":{"line":47,"column":23}},"31":{"start":{"line":54,"column":0},"end":{"line":54,"column":24}}},"fnMap":{"0":{"name":"(anonymous_0)","decl":{"start":{"line":13,"column":51},"end":{"line":13,"column":52}},"loc":{"start":{"line":13,"column":83},"end":{"line":21,"column":3}},"line":13},"1":{"name":"(anonymous_1)","decl":{"start":{"line":24,"column":54},"end":{"line":24,"column":55}},"loc":{"start":{"line":24,"column":86},"end":{"line":32,"column":3}},"line":24},"2":{"name":"(anonymous_2)","decl":{"start":{"line":35,"column":53},"end":{"line":35,"column":54}},"loc":{"start":{"line":35,"column":85},"end":{"line":49,"column":3}},"line":35},"3":{"name":"(anonymous_3)","decl":{"start":{"line":39,"column":42},"end":{"line":39,"column":43}},"loc":{"start":{"line":39,"column":49},"end":{"line":39,"column":56}},"line":39}},"branchMap":{"0":{"loc":{"start":{"line":38,"column":6},"end":{"line":41,"column":7}},"type":"if","locations":[{"start":{"line":38,"column":6},"end":{"line":41,"column":7}},{"start":{"line":38,"column":6},"end":{"line":41,"column":7}}],"line":38}},"s":{"0":6,"1":6,"2":6,"3":6,"4":6,"5":6,"6":6,"7":6,"8":1,"9":1,"10":1,"11":1,"12":0,"13":6,"14":3,"15":3,"16":3,"17":2,"18":1,"19":6,"20":5,"21":5,"22":5,"23":1,"24":1,"25":1,"26":4,"27":4,"28":4,"29":3,"30":2,"31":6},"f":{"0":1,"1":3,"2":5,"3":1},"b":{"0":[1,4]},"_coverageSchema":"1a1c01bbd47fc00a2c39e90264f33305004495a9","hash":"ac2c13ab1f53f7c0e23ba983e9d498af45e02347"}
}
