TN:
SF:app.js
FN:31,(anonymous_0)
FN:37,(anonymous_1)
FNF:2
FNH:2
FNDA:2,(anonymous_0)
FNDA:79,(anonymous_1)
DA:1,6
DA:2,6
DA:3,6
DA:4,6
DA:5,6
DA:6,6
DA:7,6
DA:8,6
DA:9,6
DA:10,6
DA:11,6
DA:13,6
DA:14,6
DA:15,6
DA:17,6
DA:21,6
DA:22,6
DA:23,6
DA:24,6
DA:25,6
DA:26,6
DA:31,6
DA:32,2
DA:37,6
DA:38,79
DA:39,79
DA:41,79
DA:46,6
LF:28
LH:28
BRDA:38,0,0,79
BRDA:38,0,1,16
BRF:2
BRH:2
end_of_record
TN:
SF:config.js
FN:7,getDatabaseUri
FNF:1
FNH:1
FNDA:13,getDatabaseUri
DA:2,13
DA:4,13
DA:5,13
DA:8,13
DA:13,13
DA:15,13
LF:6
LH:6
BRDA:5,0,0,13
BRDA:5,0,1,12
BRDA:8,1,0,11
BRDA:8,1,1,2
BRDA:10,2,0,2
BRDA:10,2,1,1
BRF:6
BRH:6
end_of_record
TN:
SF:db.js
FNF:0
FNH:0
DA:1,10
DA:4,10
DA:6,10
DA:10,10
DA:17,10
DA:19,10
LF:6
LH:6
BRF:0
BRH:0
end_of_record
TN:
SF:expressError.js
FN:3,(anonymous_0)
FN:14,(anonymous_1)
FN:22,(anonymous_2)
FN:30,(anonymous_3)
FN:38,(anonymous_4)
FNF:5
FNH:4
FNDA:81,(anonymous_0)
FNDA:12,(anonymous_1)
FNDA:32,(anonymous_2)
FNDA:37,(anonymous_3)
FNDA:0,(anonymous_4)
DA:4,81
DA:5,81
DA:6,81
DA:15,12
DA:23,32
DA:31,37
DA:39,0
DA:43,12
LF:8
LH:7
BRDA:14,0,0,2
BRDA:22,1,0,24
BRDA:30,2,0,34
BRDA:38,3,0,0
BRF:4
BRH:3
end_of_record
TN:
SF:helpers/sql.js
FN:20,sqlForPartialUpdate
FN:25,(anonymous_1)
FNF:2
FNH:2
FNDA:20,sqlForPartialUpdate
FNDA:24,(anonymous_1)
DA:1,11
DA:21,20
DA:22,20
DA:25,19
DA:26,24
DA:29,19
DA:35,11
LF:7
LH:7
BRDA:22,0,0,1
BRDA:22,0,1,19
BRDA:26,1,0,24
BRDA:26,1,1,9
BRF:4
BRH:4
end_of_record
TN:
SF:helpers/textParser.js
FN:82,textParser
FN:85,(anonymous_1)
FNF:2
FNH:0
FNDA:0,textParser
FNDA:0,(anonymous_1)
DA:2,9
DA:28,9
DA:55,9
DA:83,0
DA:84,0
DA:85,0
DA:86,0
DA:87,0
DA:91,0
DA:92,0
DA:93,0
DA:94,0
DA:97,0
DA:98,0
DA:99,0
DA:102,0
DA:103,0
DA:104,0
DA:107,0
DA:110,9
LF:20
LH:4
BRDA:86,0,0,0
BRDA:86,0,1,0
BRDA:86,1,0,0
BRDA:86,1,1,0
BRDA:93,2,0,0
BRDA:93,2,1,0
BRDA:98,3,0,0
BRDA:98,3,1,0
BRDA:103,4,0,0
BRDA:103,4,1,0
BRF:10
BRH:0
end_of_record
TN:
SF:helpers/tokens.js
FN:7,createToken
FNF:1
FNH:1
FNDA:20,createToken
DA:3,7
DA:4,7
DA:8,20
DA:13,20
DA:17,7
LF:5
LH:5
BRDA:10,0,0,20
BRDA:10,0,1,14
BRF:2
BRH:2
end_of_record
TN:
SF:middleware/auth.js
FN:7,authenticateJWT
FN:20,ensureLoggedIn
FN:29,ensureAdmin
FN:40,ensureCorrectUser
FN:51,ensureCorrectUserOrAdmin
FNF:5
FNH:4
FNDA:163,authenticateJWT
FNDA:2,ensureLoggedIn
FNDA:3,ensureAdmin
FNDA:0,ensureCorrectUser
FNDA:154,ensureCorrectUserOrAdmin
DA:3,7
DA:4,7
DA:5,7
DA:8,163
DA:9,163
DA:10,163
DA:11,140
DA:12,140
DA:14,162
DA:16,1
DA:21,2
DA:22,2
DA:23,1
DA:25,1
DA:30,3
DA:31,3
DA:32,2
DA:34,1
DA:36,2
DA:41,0
DA:42,0
DA:43,0
DA:44,0
DA:47,0
DA:52,154
DA:53,154
DA:54,154
DA:55,21
DA:57,133
DA:59,21
DA:63,7
LF:31
LH:26
BRDA:9,0,0,163
BRDA:9,0,1,162
BRDA:10,1,0,140
BRDA:10,1,1,23
BRDA:22,2,0,1
BRDA:22,2,1,1
BRDA:31,3,0,2
BRDA:31,3,1,1
BRDA:31,4,0,3
BRDA:31,4,1,2
BRDA:43,5,0,0
BRDA:43,5,1,0
BRDA:43,6,0,0
BRDA:43,6,1,0
BRDA:43,6,2,0
BRDA:54,7,0,21
BRDA:54,7,1,133
BRDA:54,8,0,154
BRDA:54,8,1,141
BRDA:54,8,2,127
BRF:20
BRH:15
end_of_record
TN:
SF:models/_testCommon.js
FN:7,commonBeforeAll
FN:33,commonBeforeEach
FN:37,commonAfterEach
FN:41,commonAfterAll
FNF:4
FNH:4
FNDA:4,commonBeforeAll
FNDA:34,commonBeforeEach
FNDA:34,commonAfterEach
FNDA:4,commonAfterAll
DA:1,4
DA:3,4
DA:4,4
DA:9,4
DA:11,4
DA:13,4
DA:15,4
DA:34,34
DA:38,34
DA:42,4
DA:46,4
LF:11
LH:11
BRF:0
BRH:0
end_of_record
TN:
SF:models/chat.js
FN:12,(anonymous_0)
FNF:1
FNH:0
FNDA:0,(anonymous_0)
DA:3,6
DA:4,6
DA:9,6
DA:13,0
DA:14,0
DA:15,0
DA:18,0
DA:19,0
DA:20,0
DA:24,0
DA:25,0
DA:26,0
DA:29,0
DA:31,0
DA:36,0
DA:37,0
DA:39,0
DA:46,0
DA:48,0
DA:52,6
LF:20
LH:4
BRDA:14,0,0,0
BRDA:14,0,1,0
BRDA:25,1,0,0
BRDA:25,1,1,0
BRF:4
BRH:0
end_of_record
TN:
SF:models/friends.js
FN:14,(anonymous_0)
FN:23,(anonymous_1)
FN:32,(anonymous_2)
FN:49,(anonymous_3)
FN:55,(anonymous_4)
FN:78,(anonymous_5)
FNF:6
FNH:4
FNDA:62,(anonymous_0)
FNDA:0,(anonymous_1)
FNDA:1,(anonymous_2)
FNDA:0,(anonymous_3)
FNDA:4,(anonymous_4)
FNDA:6,(anonymous_5)
DA:3,9
DA:4,9
DA:9,9
DA:10,9
DA:15,62
DA:19,47
DA:24,0
DA:28,0
DA:33,1
DA:38,1
DA:40,1
DA:41,1
DA:45,1
DA:46,1
DA:50,0
DA:51,0
DA:56,4
DA:59,4
DA:60,4
DA:62,4
DA:69,4
DA:70,4
DA:72,4
DA:74,3
DA:79,6
DA:85,4
DA:86,4
DA:87,3
DA:91,9
LF:29
LH:25
BRDA:38,0,0,0
BRDA:38,0,1,1
BRDA:72,1,0,1
BRDA:72,1,1,3
BRDA:86,2,0,1
BRDA:86,2,1,3
BRF:6
BRH:5
end_of_record
TN:
SF:models/responses.js
FN:14,(anonymous_0)
FN:23,(anonymous_1)
FN:36,(anonymous_2)
FNF:3
FNH:3
FNDA:9,(anonymous_0)
FNDA:2,(anonymous_1)
FNDA:3,(anonymous_2)
DA:3,7
DA:4,7
DA:9,7
DA:10,7
DA:15,9
DA:19,8
DA:24,2
DA:31,1
DA:32,1
DA:37,3
DA:40,3
DA:41,3
DA:43,3
DA:50,3
DA:51,2
DA:53,2
DA:55,1
DA:59,7
LF:18
LH:18
BRDA:31,0,0,0
BRDA:31,0,1,1
BRDA:53,1,0,1
BRDA:53,1,1,1
BRF:4
BRH:3
end_of_record
TN:
SF:models/statements.js
FN:14,(anonymous_0)
FN:23,(anonymous_1)
FN:43,(anonymous_2)
FN:66,(anonymous_3)
FNF:4
FNH:3
FNDA:28,(anonymous_0)
FNDA:0,(anonymous_1)
FNDA:4,(anonymous_2)
FNDA:5,(anonymous_3)
DA:3,8
DA:4,8
DA:9,8
DA:10,8
DA:15,28
DA:19,27
DA:24,0
DA:29,0
DA:30,0
DA:33,0
DA:34,0
DA:38,0
DA:39,0
DA:44,4
DA:47,4
DA:48,4
DA:50,4
DA:57,4
DA:58,4
DA:60,4
DA:62,3
DA:67,5
DA:73,4
DA:74,3
DA:78,8
LF:25
LH:18
BRDA:29,0,0,0
BRDA:29,0,1,0
BRDA:60,1,0,1
BRDA:60,1,1,3
BRDA:73,2,0,1
BRDA:73,2,1,3
BRF:6
BRH:4
end_of_record
TN:
SF:models/user.js
FN:15,(anonymous_0)
FN:49,(anonymous_1)
FN:83,(anonymous_2)
FN:103,(anonymous_3)
FN:118,(anonymous_4)
FNF:5
FNH:5
FNDA:7,(anonymous_0)
FNDA:15,(anonymous_1)
FNDA:3,(anonymous_2)
FNDA:5,(anonymous_3)
FNDA:7,(anonymous_4)
DA:3,7
DA:4,7
DA:5,7
DA:10,7
DA:11,7
DA:16,7
DA:17,7
DA:29,7
DA:31,7
DA:32,4
DA:34,4
DA:35,3
DA:36,3
DA:38,1
DA:41,3
DA:44,4
DA:57,15
DA:64,15
DA:65,2
DA:68,13
DA:70,13
DA:77,11
DA:79,11
DA:84,3
DA:95,3
DA:97,3
DA:99,2
DA:104,5
DA:110,5
DA:112,5
DA:114,3
DA:119,7
DA:120,1
DA:122,7
DA:126,6
DA:128,6
DA:137,6
DA:138,6
DA:140,6
DA:142,4
DA:146,7
LF:41
LH:41
BRDA:31,0,0,4
BRDA:31,0,1,3
BRDA:34,1,0,3
BRDA:34,1,1,1
BRDA:64,2,0,2
BRDA:64,2,1,13
BRDA:97,3,0,1
BRDA:97,3,1,2
BRDA:112,4,0,2
BRDA:112,4,1,3
BRDA:119,5,0,1
BRDA:119,5,1,6
BRDA:140,6,0,2
BRDA:140,6,1,4
BRF:14
BRH:14
end_of_record
TN:
SF:routes/_testCommon.js
FN:9,commonBeforeAll
FN:43,commonBeforeEach
FN:47,commonAfterEach
FN:51,commonAfterAll
FNF:4
FNH:4
FNDA:5,commonBeforeAll
FNDA:66,commonBeforeEach
FNDA:66,commonAfterEach
FNDA:5,commonAfterAll
DA:3,5
DA:4,5
DA:5,5
DA:7,5
DA:11,5
DA:13,5
DA:15,5
DA:17,5
DA:25,3
DA:33,2
DA:44,66
DA:48,66
DA:52,5
DA:56,5
DA:57,5
DA:58,5
DA:61,5
LF:17
LH:17
BRF:0
BRH:0
end_of_record
TN:
SF:routes/auth.js
FN:18,(anonymous_0)
FN:22,(anonymous_1)
FN:38,(anonymous_2)
FN:42,(anonymous_3)
FNF:4
FNH:4
FNDA:3,(anonymous_0)
FNDA:5,(anonymous_1)
FNDA:5,(anonymous_2)
FNDA:2,(anonymous_3)
DA:3,6
DA:4,6
DA:5,6
DA:6,6
DA:7,6
DA:8,6
DA:9,6
DA:10,6
DA:11,6
DA:12,6
DA:13,6
DA:18,6
DA:19,3
DA:20,3
DA:21,3
DA:22,5
DA:23,2
DA:25,1
DA:26,1
DA:27,1
DA:29,1
DA:31,2
DA:38,6
DA:39,5
DA:40,5
DA:41,5
DA:42,2
DA:44,2
DA:46,3
DA:47,3
DA:48,1
DA:49,1
DA:51,4
DA:55,6
LF:34
LH:34
BRDA:21,0,0,2
BRDA:21,0,1,1
BRDA:25,1,0,1
BRDA:41,2,0,2
BRDA:41,2,1,3
BRF:5
BRH:5
end_of_record
TN:
SF:routes/chat.js
FN:12,(anonymous_0)
FNF:1
FNH:0
FNDA:0,(anonymous_0)
DA:3,6
DA:4,6
DA:5,6
DA:6,6
DA:7,6
DA:12,6
DA:13,0
DA:14,0
DA:15,0
DA:16,0
DA:17,0
DA:19,0
DA:23,6
LF:13
LH:7
BRF:0
BRH:0
end_of_record
TN:
SF:routes/friends.js
FN:19,(anonymous_0)
FN:22,(anonymous_1)
FN:40,(anonymous_2)
FN:55,(anonymous_3)
FN:70,(anonymous_4)
FN:85,(anonymous_5)
FN:89,(anonymous_6)
FNF:7
FNH:5
FNDA:52,(anonymous_0)
FNDA:0,(anonymous_1)
FNDA:0,(anonymous_2)
FNDA:1,(anonymous_3)
FNDA:3,(anonymous_4)
FNDA:4,(anonymous_5)
FNDA:1,(anonymous_6)
DA:3,6
DA:4,6
DA:5,6
DA:6,6
DA:7,6
DA:8,6
DA:9,6
DA:10,6
DA:16,6
DA:20,52
DA:21,52
DA:22,0
DA:23,0
DA:25,52
DA:26,52
DA:27,52
DA:28,52
DA:29,38
DA:31,14
DA:37,6
DA:41,0
DA:42,0
DA:43,0
DA:44,0
DA:46,0
DA:52,6
DA:56,1
DA:57,1
DA:58,1
DA:59,1
DA:61,0
DA:67,6
DA:71,3
DA:72,3
DA:73,3
DA:74,2
DA:76,1
DA:82,6
DA:86,4
DA:87,4
DA:88,4
DA:89,1
DA:90,1
DA:92,3
DA:93,3
DA:94,3
DA:95,3
DA:96,2
DA:98,2
DA:103,6
LF:50
LH:42
BRDA:21,0,0,0
BRDA:21,0,1,52
BRDA:88,1,0,1
BRDA:88,1,1,3
BRF:4
BRH:3
end_of_record
TN:
SF:routes/responses.js
FN:16,(anonymous_0)
FN:20,(anonymous_1)
FN:37,(anonymous_2)
FN:52,(anonymous_3)
FN:56,(anonymous_4)
FNF:5
FNH:4
FNDA:17,(anonymous_0)
FNDA:13,(anonymous_1)
FNDA:1,(anonymous_2)
FNDA:1,(anonymous_3)
FNDA:0,(anonymous_4)
DA:3,6
DA:4,6
DA:5,6
DA:6,6
DA:7,6
DA:8,6
DA:9,6
DA:10,6
DA:13,6
DA:17,17
DA:18,17
DA:19,17
DA:20,13
DA:21,13
DA:23,4
DA:24,4
DA:25,4
DA:26,4
DA:28,13
DA:34,6
DA:38,1
DA:39,1
DA:40,1
DA:41,0
DA:43,1
DA:49,6
DA:53,1
DA:54,1
DA:55,1
DA:56,0
DA:57,0
DA:59,1
DA:60,1
DA:61,1
DA:62,1
DA:63,0
DA:65,1
DA:70,6
LF:38
LH:34
BRDA:19,0,0,13
BRDA:19,0,1,4
BRDA:55,1,0,0
BRDA:55,1,1,1
BRF:4
BRH:3
end_of_record
TN:
SF:routes/statements.js
FN:16,(anonymous_0)
FN:20,(anonymous_1)
FN:37,(anonymous_2)
FN:52,(anonymous_3)
FN:67,(anonymous_4)
FN:71,(anonymous_5)
FNF:6
FNH:5
FNDA:36,(anonymous_0)
FNDA:14,(anonymous_1)
FNDA:0,(anonymous_2)
FNDA:3,(anonymous_3)
FNDA:4,(anonymous_4)
FNDA:2,(anonymous_5)
DA:3,6
DA:4,6
DA:5,6
DA:6,6
DA:7,6
DA:8,6
DA:9,6
DA:10,6
DA:13,6
DA:17,36
DA:18,36
DA:19,36
DA:20,14
DA:21,14
DA:23,22
DA:24,22
DA:25,22
DA:26,22
DA:28,14
DA:34,6
DA:38,0
DA:39,0
DA:40,0
DA:41,0
DA:43,0
DA:49,6
DA:53,3
DA:54,3
DA:55,3
DA:56,2
DA:58,1
DA:64,6
DA:68,4
DA:69,4
DA:70,4
DA:71,2
DA:72,1
DA:74,3
DA:75,3
DA:76,3
DA:77,3
DA:78,2
DA:80,2
DA:85,6
LF:44
LH:39
BRDA:19,0,0,14
BRDA:19,0,1,22
BRDA:70,1,0,1
BRDA:70,1,1,3
BRF:4
BRH:4
end_of_record
TN:
SF:routes/user.js
FN:13,(anonymous_0)
FN:24,(anonymous_1)
FN:35,(anonymous_2)
FN:39,(anonymous_3)
FNF:4
FNH:4
FNDA:1,(anonymous_0)
FNDA:3,(anonymous_1)
FNDA:5,(anonymous_2)
FNDA:1,(anonymous_3)
DA:3,6
DA:4,6
DA:5,6
DA:6,6
DA:7,6
DA:8,6
DA:9,6
DA:13,6
DA:14,1
DA:15,1
DA:16,1
DA:17,1
DA:19,0
DA:24,6
DA:25,3
DA:26,3
DA:27,3
DA:28,2
DA:30,1
DA:35,6
DA:36,5
DA:37,5
DA:38,5
DA:39,1
DA:40,1
DA:42,4
DA:43,4
DA:44,4
DA:45,3
DA:47,2
DA:54,6
LF:31
LH:30
BRDA:38,0,0,1
BRDA:38,0,1,4
BRF:2
BRH:2
end_of_record
